0,0,1.9808142776898152,1,0.9808142776898153
0,1,2.903227247674118,2,0.9032272476741179
0,2,0.9228403758064274,0,0.9228403758064274
0,3,2.855370709045971,2,0.8553707090459712
0,4,1.8489266691965185,1,0.8489266691965185
0,5,1.8950524096727568,1,0.8950524096727567
0,6,1.9199675647091459,1,0.9199675647091458
0,7,1.9258764668079602,1,0.9258764668079602
1,0,3.903227247674118,3,0.9032272476741179
1,1,1.8228578849273647,1,0.8228578849273646
1,2,4.653809678178792,4,0.6538096781787923
1,3,4.655349167369498,4,0.655349167369498
1,4,4.719437565284905,4,0.7194375652849054
1,5,3.738133560543721,3,0.7381335605437214
1,6,1.754417514143059,1,0.7544175141430588
1,7,2.855370709045971,2,0.8553707090459712
1,8,1.9808142776898152,1,0.9808142776898153
2,0,4.719437565284905,4,0.7194375652849054
2,1,1.7083517168525777,1,0.7083517168525777
2,2,2.825075706959911,2,0.8250757069599111
2,3,1.72036975843284,1,0.7203697584328399
2,4,4.763256211484233,4,0.7632562114842331
2,5,1.821614330550871,1,0.821614330550871
2,6,4.748741786616861,4,0.7487417866168613
2,7,4.655349167369498,4,0.655349167369498
2,8,4.653809678178792,4,0.6538096781787923
3,0,2.763256211484233,2,0.7632562114842331
3,1,4.7902042604122945,4,0.7902042604122943
3,2,1.8450353092536216,1,0.8450353092536217
3,3,3.7698238398255497,3,0.7698238398255496
3,4,4.735405420889765,4,0.735405420889765
3,5,2.7916282396682544,2,0.7916282396682544
3,6,2.8033502418408576,2,0.8033502418408573
3,7,4.748741786616861,4,0.7487417866168613
3,8,4.719437565284905,4,0.7194375652849054
4,0,4.7902042604122945,4,0.7902042604122943
4,1,3.861813918664251,3,0.8618139186642509
4,2,4.7902042604122945,4,0.7902042604122943
4,3,5.688231028017678,5,0.688231028017678
4,4,4.7902042604122945,4,0.7902042604122943
4,5,4.830426853550418,4,0.8304268535504179
4,6,4.765184867542809,4,0.7651848675428087
4,7,2.7487417866168613,2,0.7487417866168613
4,8,4.735405420889765,4,0.735405420889765
5,0,5.688231028017678,5,0.688231028017678
5,1,4.7683303435921385,4,0.7683303435921389
5,2,0.8574536654479699,0,0.8574536654479699
5,3,1.8198769226184042,1,0.8198769226184042
5,4,5.72801166132614,5,0.7280116613261403
5,5,4.781534104943992,4,0.7815341049439919
5,6,1.9319304816995304,1,0.9319304816995303
5,7,3.830426853550418,3,0.8304268535504179
5,8,4.7902042604122945,4,0.7902042604122943
6,0,4.72801166132614,4,0.7280116613261403
6,1,4.751405763779105,4,0.7514057637791048
6,2,5.704131882619653,5,0.704131882619653
6,3,4.804267326712539,4,0.8042673267125395
6,4,2.8551591996948797,2,0.8551591996948797
6,5,3.696544365218857,3,0.6965443652188574
6,6,3.8759757358191984,3,0.8759757358191983
6,7,5.688231028017678,5,0.688231028017678
6,8,2.7902042604122945,2,0.7902042604122943
7,0,5.704131882619653,5,0.704131882619653
7,1,3.804127051620254,3,0.8041270516202543
7,2,0.8869662595089784,0,0.8869662595089784
7,3,2.8355943477275374,2,0.8355943477275373
7,4,5.704131882619653,5,0.704131882619653
7,5,3.7872171079301475,3,0.7872171079301478
7,6,5.70613640763,5,0.7061364076300001
7,7,5.688231028017678,5,0.688231028017678
7,8,3.8042673267125395,3,0.8042673267125395
8,0,5.70613640763,5,0.7061364076300001
8,1,4.783165877276591,4,0.7831658772765911
8,2,4.708233839545461,4,0.708233839545461
8,3,5.6712364608190455,5,0.6712364608190453
8,4,5.70613640763,5,0.70613640763
8,5,1.784567759888511,1,0.784567759888511
8,6,5.70613640763,5,0.70613640763
8,7,4.704131882619653,4,0.704131882619653
8,8,5.704131882619653,5,0.704131882619653
9,0,5.70613640763,5,0.7061364076300001
9,1,4.784205980076697,4,0.7842059800766972
9,2,5.70613640763,5,0.70613640763
9,3,5.733826454259365,5,0.7338264542593644
9,4,4.762430698160031,4,0.7624306981600308
9,5,5.737957519085264,5,0.7379575190852645
9,6,4.784534985446213,4,0.7845349854462131
9,7,5.70613640763,5,0.70613640763
9,8,4.70613640763,4,0.70613640763
10,0,5.737957519085264,5,0.7379575190852645
10,1,0.8177761542126577,0,0.8177761542126577
10,2,4.729957052781847,4,0.7299570527818474
10,3,5.766484696900064,5,0.7664846969000644
10,4,5.812423652998244,5,0.8124236529982437
10,5,3.883732802668808,3,0.8837328026688082
10,6,5.717666793513468,5,0.7176667935134675
10,7,4.733826454259365,4,0.7338264542593644
10,8,5.70613640763,5,0.7061364076300001
11,0,5.812423652998244,5,0.8124236529982437
11,1,3.8268049232944534,3,0.8268049232944535
11,2,5.799349655595613,5,0.7993496555956128
11,3,5.787389680648005,5,0.7873896806480043
11,4,0.8575293386725845,0,0.8575293386725845
11,5,1.861849933582957,1,0.861849933582957
11,6,5.784958544720825,5,0.7849585447208252
11,7,3.7664846969000645,3,0.7664846969000644
11,8,5.737957519085264,5,0.7379575190852645
12,0,5.812423652998244,5,0.8124236529982437
12,1,3.8801083136858323,3,0.8801083136858324
12,2,5.828836340784985,5,0.8288363407849848
12,3,4.756427966771824,4,0.7564279667718237
12,4,5.783349590426827,5,0.7833495904268266
12,5,5.755495773623889,5,0.7554957736238891
12,6,5.7358070615946595,5,0.7358070615946593
12,7,4.799349655595613,4,0.7993496555956128
12,8,5.787389680648005,5,0.7873896806480043
13,0,5.828836340784985,5,0.8288363407849848
13,1,5.83106742333898,5,0.8310674233389798
13,2,5.860192421724252,5,0.8601924217242518
13,3,5.828836340784985,5,0.8288363407849849
13,4,3.8477600649667263,3,0.8477600649667261
13,5,5.828836340784985,5,0.8288363407849849
13,6,2.8856005890988787,2,0.8856005890988788
13,7,5.812423652998244,5,0.8124236529982437
13,8,5.787389680648005,5,0.7873896806480043
14,0,5.860192421724252,5,0.8601924217242518
14,1,1.9420994364650412,1,0.9420994364650414
14,2,3.8613287369453166,3,0.8613287369453164
14,3,4.860192421724252,4,0.8601924217242518
14,4,5.860192421724252,5,0.8601924217242518
14,5,1.8605374944742856,1,0.8605374944742856
14,6,5.860851499494271,5,0.8608514994942709
14,7,5.83106742333898,5,0.8310674233389798
14,8,5.828836340784985,5,0.8288363407849849
15,0,4.860851499494271,4,0.8608514994942709
15,1,5.860851499494271,5,0.8608514994942709
15,2,0.9176157478081649,0,0.9176157478081649
15,3,3.917615747808165,3,0.9176157478081649
15,4,0.8608514994942709,0,0.8608514994942709
15,5,0.8608514994942709,0,0.8608514994942709
15,6,5.860851499494271,5,0.8608514994942709
15,7,5.860192421724252,5,0.8601924217242518
15,8,5.860192421724252,5,0.8601924217242518
16,0,1.8608514994942709,1,0.8608514994942709
16,1,1.9176157478081648,1,0.9176157478081649
16,2,3.917615747808165,3,0.9176157478081649
16,3,1.8608514994942709,1,0.8608514994942709
16,4,5.860851499494271,5,0.8608514994942709
16,5,0.9176157478081649,0,0.9176157478081649
16,6,0.9417925568483646,0,0.9417925568483646
16,7,0.8608514994942709,0,0.8608514994942709
16,8,3.8601924217242516,3,0.8601924217242518
17,0,5.860851499494271,5,0.8608514994942709
17,1,1.8608514994942709,1,0.8608514994942709
17,2,1.896656338926852,1,0.8966563389268519
17,3,4.861328736945317,4,0.8613287369453164
17,4,2.860851499494271,2,0.8608514994942709
17,5,1.8608514994942709,1,0.8608514994942709
17,6,0.9176157478081649,0,0.9176157478081649
17,7,5.860192421724252,5,0.8601924217242518
17,8,5.83106742333898,5,0.8310674233389798
18,0,5.860851499494271,5,0.8608514994942709
18,1,1.9417925568483647,1,0.9417925568483646
18,2,1.8613287369453164,1,0.8613287369453164
18,3,0.8608514994942709,0,0.8608514994942709
18,4,1.918791166147738,1,0.9187911661477379
18,5,3.917615747808165,3,0.9176157478081649
18,6,3.8613287369453166,3,0.8613287369453164
18,7,5.860192421724252,5,0.8601924217242518
18,8,5.83106742333898,5,0.8310674233389798
19,0,0.8608514994942709,0,0.8608514994942709
19,1,3.8358321066247854,3,0.8358321066247852
19,2,1.943235751686106,1,0.9432357516861061
19,3,1.9427585142350605,1,0.9427585142350605
19,4,2.917712172760033,2,0.9177121727600326
19,5,1.9116454554829407,1,0.9116454554829408
19,6,5.860851499494271,5,0.8608514994942709
19,7,3.8601924217242516,3,0.8601924217242518
19,8,5.83106742333898,5,0.8310674233389798
20,0,1.8608514994942709,1,0.8608514994942709
20,1,1.8613287369453164,1,0.8613287369453164
20,2,1.8608514994942709,1,0.8608514994942709
20,3,1.9427585142350605,1,0.9427585142350605
20,4,3.9427585142350603,3,0.9427585142350605
20,5,1.8608514994942709,1,0.8608514994942709
20,6,1.9812665766423412,1,0.9812665766423413
20,7,5.83106742333898,5,0.8310674233389798
20,8,4.828836340784985,4,0.8288363407849849
21,0,3.83106742333898,3,0.8310674233389798
21,1,5.828969991423518,5,0.8289699914235186
21,2,1.9137729805891701,1,0.9137729805891701
21,3,3.8442461577010905,3,0.8442461577010906
21,4,4.886532782246813,4,0.8865327822468133
21,5,4.8285143536438895,4,0.8285143536438895
21,6,0.9504925659800534,0,0.9504925659800534
21,7,3.828836340784985,3,0.8288363407849848
21,8,5.828836340784985,5,0.8288363407849849
22,0,5.828969991423518,5,0.8289699914235186
22,1,5.823477438246894,5,0.8234774382468941
22,2,5.858441207401714,5,0.8584412074017139
22,3,5.786422043608095,5,0.786422043608095
22,4,3.841289958482873,3,0.8412899584828727
22,5,3.8499307354612373,3,0.8499307354612373
22,6,3.8857342397374124,3,0.8857342397374126
22,7,3.828836340784985,3,0.8288363407849849
22,8,5.812423652998244,5,0.8124236529982437
23,0,5.858441207401714,5,0.8584412074017139
23,1,1.9645740365414506,1,0.9645740365414505
23,2,3.867260623731827,3,0.8672606237318272
23,3,3.838007235240483,3,0.8380072352404827
23,4,1.9396951249329035,1,0.9396951249329034
23,5,3.828978436304778,3,0.828978436304778
23,6,3.828978436304778,3,0.828978436304778
23,7,5.828969991423518,5,0.8289699914235186
23,8,4.823477438246894,4,0.8234774382468941
24,0,3.858441207401714,3,0.8584412074017139
24,1,1.9108854510455675,1,0.9108854510455676
24,2,1.8865327822468134,1,0.8865327822468133
24,3,3.886108637193324,3,0.886108637193324
24,4,0.9581574838925987,0,0.9581574838925987
24,5,3.831075868220239,3,0.831075868220239
24,6,3.8865327822468134,3,0.8865327822468133
24,7,5.828969991423518,5,0.8289699914235186
24,8,5.812423652998244,5,0.8124236529982437
25,0,4.828969991423518,4,0.8289699914235186
25,1,0.8857342397374126,0,0.8857342397374126
25,2,5.87178371386632,5,0.8717837138663198
25,3,5.852386778435924,5,0.852386778435924
25,4,4.839781399371718,4,0.8397813993717181
25,5,3.8584327625204544,3,0.8584327625204546
25,6,0.9953440687114044,0,0.9953440687114044
25,7,5.812423652998244,5,0.8124236529982437
25,8,5.787389680648005,5,0.7873896806480043
26,0,3.8717837138663196,3,0.8717837138663198
26,1,1.9070129445763124,1,0.9070129445763124
26,2,0.9648895229268137,0,0.9648895229268137
26,3,5.87258225637572,5,0.8725822563757205
26,4,3.8717837138663196,3,0.8717837138663198
26,5,1.9864442857089024,1,0.9864442857089023
26,6,4.898876135958142,4,0.8988761359581422
26,7,5.852386778435924,5,0.852386778435924
26,8,5.812423652998244,5,0.8124236529982437
27,0,4.87258225637572,4,0.8725822563757205
27,1,5.871877116611868,5,0.871877116611868
27,2,4.8386067143816724,4,0.8386067143816723
27,3,4.880638735545643,4,0.880638735545643
27,4,5.808438803520884,5,0.8084388035208838
27,5,4.927225075501822,4,0.9272250755018221
27,6,1.931860774185417,1,0.9318607741854169
27,7,3.852386778435924,3,0.852386778435924
27,8,5.812423652998244,5,0.8124236529982437
28,0,5.871877116611868,5,0.871877116611868
28,1,3.9016812032090065,3,0.9016812032090065
28,2,3.8720455935297924,3,0.8720455935297922
28,3,2.9020450274726564,2,0.9020450274726565
28,4,1.9677346572237502,1,0.9677346572237503
28,5,5.881458683761617,5,0.8814586837616176
28,6,3.903776505150286,3,0.9037765051502861
28,7,5.812423652998244,5,0.8124236529982437
28,8,5.808438803520884,5,0.8084388035208838
29,0,5.881458683761617,5,0.8814586837616176
29,1,5.853967219757188,5,0.8539672197571884
29,2,5.900909969793915,5,0.9009099697939146
29,3,1.940768522955934,1,0.9407685229559338
29,4,1.9100944151588197,1,0.9100944151588197
29,5,4.881458683761617,4,0.8814586837616176
29,6,5.8180203706706335,5,0.8180203706706335
29,7,3.871877116611868,3,0.871877116611868
29,8,5.812423652998244,5,0.8124236529982437
30,0,5.900909969793915,5,0.9009099697939146
30,1,2.9030241991532697,2,0.9030241991532697
30,2,3.916897301457219,3,0.916897301457219
30,3,4.900072500402069,4,0.9000725004020687
30,4,3.878270757070079,3,0.8782707570700791
30,5,3.8648964243143147,3,0.8648964243143148
30,6,4.897725410956941,4,0.8977254109569409
30,7,4.881458683761617,4,0.8814586837616176
30,8,5.853967219757188,5,0.8539672197571884
31,0,5.900909969793915,5,0.9009099697939146
31,1,5.814169878976142,5,0.8141698789761422
31,2,2.9290462122785486,2,0.9290462122785484
31,3,1.996767510405797,1,0.996767510405797
31,4,5.815304936654885,5,0.8153049366548841
31,5,5.877608192067126,5,0.8776081920671265
31,6,5.815304936654885,5,0.8153049366548841
31,7,5.853967219757188,5,0.8539672197571884
31,8,5.8180203706706335,5,0.8180203706706335
32,0,3.9009099697939145,3,0.9009099697939146
32,1,4.936783852832248,4,0.936783852832248
32,2,3.9087717564862836,3,0.9087717564862836
32,3,2.936783852832248,2,0.936783852832248
32,4,5.875677829418323,5,0.8756778294183233
32,5,0.9783399360910209,0,0.9783399360910209
32,6,2.9134820751054598,2,0.9134820751054599
32,7,5.877608192067126,5,0.8776081920671265
32,8,4.853967219757188,4,0.8539672197571884
33,0,5.877608192067126,5,0.8776081920671265
33,1,1.9608936273674638,1,0.9608936273674636
33,2,5.900909969793915,5,0.9009099697939146
33,3,2.8965939330214954,2,0.8965939330214954
33,4,3.904354104950206,3,0.9043541049502059
33,5,2.8815654377354134,2,0.8815654377354136
33,6,5.903007401709376,5,0.9030074017093758
33,7,5.875677829418323,5,0.8756778294183233
33,8,4.8180203706706335,4,0.8180203706706335
34,0,5.903007401709376,5,0.9030074017093758
34,1,1.8797056239825876,1,0.8797056239825876
34,2,2.890230007196101,2,0.8902300071961009
34,3,5.877608192067126,5,0.8776081920671265
34,4,0.9487828474349527,0,0.9487828474349527
34,5,2.9115229962845697,2,0.9115229962845698
34,6,1.8762509684651523,1,0.8762509684651524
34,7,3.9009099697939145,3,0.9009099697939146
34,8,5.877608192067126,5,0.8776081920671265
35,0,5.903007401709376,5,0.9030074017093758
35,1,5.900277784829664,5,0.9002777848296644
35,2,3.9608936273674638,3,0.9608936273674636
35,3,3.910771827671147,3,0.9107718276711471
35,4,3.9146171327842016,3,0.9146171327842018
35,5,3.8862424718994744,3,0.8862424718994744
35,6,1.9641261169616666,1,0.9641261169616666
35,7,5.877608192067126,5,0.8776081920671265
35,8,5.877608192067126,5,0.8776081920671265
36,0,4.903007401709376,4,0.9030074017093758
36,1,3.9138625389723907,3,0.9138625389723906
36,2,2.9115052453622323,2,0.9115052453622322
36,3,5.8306654420304005,5,0.8306654420304002
36,4,3.915579507020921,3,0.915579507020921
36,5,3.915579507020921,3,0.915579507020921
36,6,3.876525095134448,3,0.876525095134448
36,7,3.9002777848296644,3,0.9002777848296644
36,8,4.877608192067126,4,0.8776081920671265
37,0,3.8776081920671266,3,0.8776081920671265
37,1,5.888393478244131,5,0.8883934782441315
37,2,5.822055144726751,5,0.8220551447267513
37,3,5.807961261938575,5,0.8079612619385753
37,4,1.9734657326790088,1,0.9734657326790088
37,5,0.9375918496406754,0,0.9375918496406754
37,6,3.8995825199424616,3,0.8995825199424615
37,7,3.8756778294183234,3,0.8756778294183233
37,8,3.8306654420304,3,0.8306654420304002
38,0,5.888393478244131,5,0.8883934782441315
38,1,1.9119767199909692,1,0.9119767199909693
38,2,5.888393478244131,5,0.8883934782441315
38,3,5.888393478244131,5,0.8883934782441315
38,4,5.888393478244131,5,0.8883934782441315
38,5,3.9396892815561366,3,0.9396892815561365
38,6,5.888393478244131,5,0.8883934782441315
38,7,5.822055144726751,5,0.8220551447267513
38,8,5.815304936654885,5,0.8153049366548841
39,0,3.8883934782441316,3,0.8883934782441315
39,1,4.889862205487949,4,0.8898622054879491
39,2,3.9396892815561366,3,0.9396892815561365
39,3,3.8883934782441316,3,0.8883934782441315
39,4,1.9242673612824648,1,0.9242673612824649
39,5,3.9373953340465344,3,0.9373953340465345
39,6,1.8883934782441316,1,0.8883934782441315
39,7,4.888393478244131,4,0.8883934782441315
39,8,3.8883934782441316,3,0.8883934782441315
40,0,3.8883934782441316,3,0.8883934782441315
40,1,5.888393478244131,5,0.8883934782441315
40,2,4.888393478244131,4,0.8883934782441315
40,3,3.8495363772500903,3,0.8495363772500903
40,4,2.8982193589780882,2,0.8982193589780884
40,5,3.9108588353221654,3,0.9108588353221652
40,6,5.888393478244131,5,0.8883934782441315
40,7,5.888393478244131,5,0.8883934782441315
40,8,5.822055144726751,5,0.8220551447267513
41,0,5.888393478244131,5,0.8883934782441315
41,1,3.875343904444423,3,0.8753439044444228
41,2,3.8849519498306835,3,0.8849519498306833
41,3,3.9408243392348785,3,0.9408243392348784
41,4,1.947569139009253,1,0.947569139009253
41,5,2.924267361282465,2,0.9242673612824649
41,6,3.9396892815561366,3,0.9396892815561365
41,7,5.888393478244131,5,0.8883934782441315
41,8,4.888393478244131,4,0.8883934782441315
42,0,3.8883934782441316,3,0.8883934782441315
42,1,3.8883934782441316,3,0.8883934782441315
42,2,5.888393478244131,5,0.8883934782441315
42,3,4.888393478244131,4,0.8883934782441315
42,4,5.888393478244131,5,0.8883934782441315
42,5,5.912830313649661,5,0.9128303136496615
42,6,0.9396892815561365,0,0.9396892815561365
42,7,3.8883934782441316,3,0.8883934782441315
42,8,5.822055144726751,5,0.8220551447267513
43,0,5.912830313649661,5,0.9128303136496615
43,1,3.9116952559709195,3,0.9116952559709196
43,2,3.9177474891505057,3,0.9177474891505056
43,3,2.93239402418651,2,0.9323940241865102
43,4,5.91169525597092,5,0.9116952559709196
43,5,5.91169525597092,5,0.9116952559709196
43,6,3.8911177794559872,3,0.8911177794559875
43,7,3.8883934782441316,3,0.8883934782441315
43,8,5.888393478244131,5,0.8883934782441315
44,0,5.912830313649661,5,0.9128303136496615
44,1,5.91169525597092,5,0.9116952559709196
44,2,1.9116952559709195,1,0.9116952559709196
44,3,3.9361751020241957,3,0.9361751020241956
44,4,1.9472621616666808,1,0.9472621616666808
44,5,5.91493983169034,5,0.9149398316903403
44,6,3.906654670274923,3,0.9066546702749231
44,7,5.91169525597092,5,0.9116952559709196
44,8,5.91169525597092,5,0.9116952559709196
45,0,5.91493983169034,5,0.9149398316903403
45,1,3.9380238668827783,3,0.9380238668827782
45,2,5.853015005850556,5,0.8530150058505555
45,3,2.925427453569097,2,0.9254274535690971
45,4,2.9616317079554704,2,0.9616317079554705
45,5,1.9508137147286737,1,0.9508137147286737
45,6,4.904661703220704,4,0.9046617032207042
45,7,5.912830313649661,5,0.9128303136496615
45,8,5.91169525597092,5,0.9116952559709196
46,0,3.91493983169034,3,0.9149398316903403
46,1,4.91493983169034,4,0.9149398316903403
46,2,5.91493983169034,5,0.9149398316903403
46,3,1.9508137147286737,1,0.9508137147286737
46,4,3.8728381549768782,3,0.8728381549768784
46,5,5.91493983169034,5,0.9149398316903403
46,6,1.937585505778265,1,0.9375855057782648
46,7,5.912830313649661,5,0.9128303136496615
46,8,5.91169525597092,5,0.9116952559709196
47,0,5.91493983169034,5,0.9149398316903403
47,1,5.859067122447366,5,0.8590671224473656
47,2,5.91493983169034,5,0.9149398316903403
47,3,5.891994969137375,5,0.8919949691373755
47,4,5.91493983169034,5,0.9149398316903403
47,5,3.962991059282925,3,0.9629910592829247
47,6,2.9508137147286737,2,0.9508137147286737
47,7,4.91493983169034,4,0.9149398316903403
47,8,5.912830313649661,5,0.9128303136496615
48,0,5.91493983169034,5,0.9149398316903403
48,1,5.91493983169034,5,0.9149398316903403
48,2,5.91493983169034,5,0.9149398316903403
48,3,0.9160748893690822,0,0.9160748893690822
48,4,3.9519487724074156,3,0.9519487724074156
48,5,4.91493983169034,4,0.9149398316903403
48,6,5.91493983169034,5,0.9149398316903403
48,7,5.91493983169034,5,0.9149398316903403
48,8,5.91493983169034,5,0.9149398316903403
49,0,4.91493983169034,4,0.9149398316903403
49,1,5.91493983169034,5,0.9149398316903403
49,2,2.9477336143116464,2,0.9477336143116464
49,3,4.91493983169034,4,0.9149398316903403
49,4,5.916688650998747,5,0.9166886509987472
49,5,4.916074889369082,4,0.9160748893690822
49,6,2.92247563993702,2,0.9224756399370202
49,7,5.91493983169034,5,0.9149398316903403
49,8,5.91493983169034,5,0.9149398316903403
50,0,3.916688650998747,3,0.9166886509987472
50,1,5.916688650998747,5,0.9166886509987472
50,2,5.916688650998747,5,0.9166886509987472
50,3,5.917823708677489,5,0.9178237086774891
50,4,2.94940596592882,2,0.94940596592882
50,5,0.9520567573073392,0,0.9520567573073392
50,6,5.916688650998747,5,0.9166886509987472
50,7,5.91493983169034,5,0.9149398316903403
50,8,3.91493983169034,3,0.9149398316903403
