The system is: Linux - 4.19.69-gentoo - x86_64
Compiling the C compiler identification source file "CMakeCCompilerId.c" succeeded.
Compiler: /usr/bin/cc 
Build flags: 
Id flags:  

The output was:
0


Compilation of the C compiler identification source "CMakeCCompilerId.c" produced "a.out"

The C compiler identification is GNU, found in "/home/jharbin/academic/atlas/git/atlas-middleware/custom-moos/build/MOOS/proj-5.2.0/CMakeFiles/3.16.0/CompilerIdC/a.out"

Compiling the CXX compiler identification source file "CMakeCXXCompilerId.cpp" succeeded.
Compiler: /usr/bin/c++ 
Build flags: 
Id flags:  

The output was:
0


Compilation of the CXX compiler identification source "CMakeCXXCompilerId.cpp" produced "a.out"

The CXX compiler identification is GNU, found in "/home/jharbin/academic/atlas/git/atlas-middleware/custom-moos/build/MOOS/proj-5.2.0/CMakeFiles/3.16.0/CompilerIdCXX/a.out"

Determining if the C compiler works passed with the following output:
Change Dir: /home/jharbin/academic/atlas/git/atlas-middleware/custom-moos/build/MOOS/proj-5.2.0/CMakeFiles/CMakeTmp

Run Build Command(s):/usr/bin/gmake cmTC_8efff/fast && /usr/bin/gmake -f CMakeFiles/cmTC_8efff.dir/build.make CMakeFiles/cmTC_8efff.dir/build
gmake[1]: Entering directory '/home/jharbin/academic/atlas/git/atlas-middleware/custom-moos/build/MOOS/proj-5.2.0/CMakeFiles/CMakeTmp'
Building C object CMakeFiles/cmTC_8efff.dir/testCCompiler.c.o
/usr/bin/cc   -fPIE   -o CMakeFiles/cmTC_8efff.dir/testCCompiler.c.o   -c /home/jharbin/academic/atlas/git/atlas-middleware/custom-moos/build/MOOS/proj-5.2.0/CMakeFiles/CMakeTmp/testCCompiler.c
Linking C executable cmTC_8efff
/usr/bin/cmake -E cmake_link_script CMakeFiles/cmTC_8efff.dir/link.txt --verbose=1
/usr/bin/cc      -rdynamic CMakeFiles/cmTC_8efff.dir/testCCompiler.c.o  -o cmTC_8efff 
gmake[1]: Leaving directory '/home/jharbin/academic/atlas/git/atlas-middleware/custom-moos/build/MOOS/proj-5.2.0/CMakeFiles/CMakeTmp'



Detecting C compiler ABI info compiled with the following output:
Change Dir: /home/jharbin/academic/atlas/git/atlas-middleware/custom-moos/build/MOOS/proj-5.2.0/CMakeFiles/CMakeTmp

Run Build Command(s):/usr/bin/gmake cmTC_97164/fast && /usr/bin/gmake -f CMakeFiles/cmTC_97164.dir/build.make CMakeFiles/cmTC_97164.dir/build
gmake[1]: Entering directory '/home/jharbin/academic/atlas/git/atlas-middleware/custom-moos/build/MOOS/proj-5.2.0/CMakeFiles/CMakeTmp'
Building C object CMakeFiles/cmTC_97164.dir/CMakeCCompilerABI.c.o
/usr/bin/cc   -fPIE   -v -o CMakeFiles/cmTC_97164.dir/CMakeCCompilerABI.c.o   -c /usr/share/cmake/Modules/CMakeCCompilerABI.c
Using built-in specs.
COLLECT_GCC=/usr/bin/cc
Target: x86_64-pc-linux-gnu
Configured with: /var/tmp/portage/sys-devel/gcc-9.2.0-r2/work/gcc-9.2.0/configure --host=x86_64-pc-linux-gnu --build=x86_64-pc-linux-gnu --prefix=/usr --bindir=/usr/x86_64-pc-linux-gnu/gcc-bin/9.2.0 --includedir=/usr/lib/gcc/x86_64-pc-linux-gnu/9.2.0/include --datadir=/usr/share/gcc-data/x86_64-pc-linux-gnu/9.2.0 --mandir=/usr/share/gcc-data/x86_64-pc-linux-gnu/9.2.0/man --infodir=/usr/share/gcc-data/x86_64-pc-linux-gnu/9.2.0/info --with-gxx-include-dir=/usr/lib/gcc/x86_64-pc-linux-gnu/9.2.0/include/g++-v9 --with-python-dir=/share/gcc-data/x86_64-pc-linux-gnu/9.2.0/python --enable-languages=c,c++,fortran --enable-obsolete --enable-secureplt --disable-werror --with-system-zlib --enable-nls --without-included-gettext --enable-checking=release --with-bugurl=https://bugs.gentoo.org/ --with-pkgversion='Gentoo 9.2.0-r2 p3' --disable-esp --enable-libstdcxx-time --enable-shared --enable-threads=posix --enable-__cxa_atexit --enable-clocale=gnu --enable-multilib --with-multilib-list=m32,m64 --disable-altivec --disable-fixed-point --enable-targets=all --enable-libgomp --disable-libmudflap --disable-libssp --disable-systemtap --enable-vtable-verify --enable-lto --without-isl --enable-default-pie --enable-default-ssp
Thread model: posix
gcc version 9.2.0 (Gentoo 9.2.0-r2 p3) 
COLLECT_GCC_OPTIONS='-fPIE' '-v' '-o' 'CMakeFiles/cmTC_97164.dir/CMakeCCompilerABI.c.o' '-c' '-mtune=generic' '-march=x86-64'
 /usr/libexec/gcc/x86_64-pc-linux-gnu/9.2.0/cc1 -quiet -v /usr/share/cmake/Modules/CMakeCCompilerABI.c -quiet -dumpbase CMakeCCompilerABI.c -mtune=generic -march=x86-64 -auxbase-strip CMakeFiles/cmTC_97164.dir/CMakeCCompilerABI.c.o -version -fPIE -o /tmp/ccLLwaHM.s
GNU C17 (Gentoo 9.2.0-r2 p3) version 9.2.0 (x86_64-pc-linux-gnu)
	compiled by GNU C version 9.2.0, GMP version 6.1.2, MPFR version 4.0.2, MPC version 1.1.0, isl version none
GGC heuristics: --param ggc-min-expand=100 --param ggc-min-heapsize=131072
ignoring nonexistent directory "/usr/lib/gcc/x86_64-pc-linux-gnu/9.2.0/../../../../x86_64-pc-linux-gnu/include"
#include "..." search starts here:
#include <...> search starts here:
 /usr/lib/gcc/x86_64-pc-linux-gnu/9.2.0/include
 /usr/local/include
 /usr/lib/gcc/x86_64-pc-linux-gnu/9.2.0/include-fixed
 /usr/include
End of search list.
GNU C17 (Gentoo 9.2.0-r2 p3) version 9.2.0 (x86_64-pc-linux-gnu)
	compiled by GNU C version 9.2.0, GMP version 6.1.2, MPFR version 4.0.2, MPC version 1.1.0, isl version none
GGC heuristics: --param ggc-min-expand=100 --param ggc-min-heapsize=131072
Compiler executable checksum: dd27017623c82e938e01767d00c65100
COLLECT_GCC_OPTIONS='-fPIE' '-v' '-o' 'CMakeFiles/cmTC_97164.dir/CMakeCCompilerABI.c.o' '-c' '-mtune=generic' '-march=x86-64'
 /usr/lib/gcc/x86_64-pc-linux-gnu/9.2.0/../../../../x86_64-pc-linux-gnu/bin/as -v --64 -o CMakeFiles/cmTC_97164.dir/CMakeCCompilerABI.c.o /tmp/ccLLwaHM.s
GNU assembler version 2.32.0 (x86_64-pc-linux-gnu) using BFD version (Gentoo 2.32 p2) 2.32.0
COMPILER_PATH=/usr/libexec/gcc/x86_64-pc-linux-gnu/9.2.0/:/usr/libexec/gcc/x86_64-pc-linux-gnu/9.2.0/:/usr/libexec/gcc/x86_64-pc-linux-gnu/:/usr/lib/gcc/x86_64-pc-linux-gnu/9.2.0/:/usr/lib/gcc/x86_64-pc-linux-gnu/:/usr/lib/gcc/x86_64-pc-linux-gnu/9.2.0/../../../../x86_64-pc-linux-gnu/bin/
LIBRARY_PATH=/usr/lib/gcc/x86_64-pc-linux-gnu/9.2.0/:/usr/lib/gcc/x86_64-pc-linux-gnu/9.2.0/../../../../lib64/:/lib/../lib64/:/usr/lib/../lib64/:/usr/lib/gcc/x86_64-pc-linux-gnu/9.2.0/../../../../x86_64-pc-linux-gnu/lib/:/usr/lib/gcc/x86_64-pc-linux-gnu/9.2.0/../../../:/lib/:/usr/lib/
COLLECT_GCC_OPTIONS='-fPIE' '-v' '-o' 'CMakeFiles/cmTC_97164.dir/CMakeCCompilerABI.c.o' '-c' '-mtune=generic' '-march=x86-64'
Linking C executable cmTC_97164
/usr/bin/cmake -E cmake_link_script CMakeFiles/cmTC_97164.dir/link.txt --verbose=1
/usr/bin/cc     -v -rdynamic CMakeFiles/cmTC_97164.dir/CMakeCCompilerABI.c.o  -o cmTC_97164 
Using built-in specs.
COLLECT_GCC=/usr/bin/cc
COLLECT_LTO_WRAPPER=/usr/libexec/gcc/x86_64-pc-linux-gnu/9.2.0/lto-wrapper
Target: x86_64-pc-linux-gnu
Configured with: /var/tmp/portage/sys-devel/gcc-9.2.0-r2/work/gcc-9.2.0/configure --host=x86_64-pc-linux-gnu --build=x86_64-pc-linux-gnu --prefix=/usr --bindir=/usr/x86_64-pc-linux-gnu/gcc-bin/9.2.0 --includedir=/usr/lib/gcc/x86_64-pc-linux-gnu/9.2.0/include --datadir=/usr/share/gcc-data/x86_64-pc-linux-gnu/9.2.0 --mandir=/usr/share/gcc-data/x86_64-pc-linux-gnu/9.2.0/man --infodir=/usr/share/gcc-data/x86_64-pc-linux-gnu/9.2.0/info --with-gxx-include-dir=/usr/lib/gcc/x86_64-pc-linux-gnu/9.2.0/include/g++-v9 --with-python-dir=/share/gcc-data/x86_64-pc-linux-gnu/9.2.0/python --enable-languages=c,c++,fortran --enable-obsolete --enable-secureplt --disable-werror --with-system-zlib --enable-nls --without-included-gettext --enable-checking=release --with-bugurl=https://bugs.gentoo.org/ --with-pkgversion='Gentoo 9.2.0-r2 p3' --disable-esp --enable-libstdcxx-time --enable-shared --enable-threads=posix --enable-__cxa_atexit --enable-clocale=gnu --enable-multilib --with-multilib-list=m32,m64 --disable-altivec --disable-fixed-point --enable-targets=all --enable-libgomp --disable-libmudflap --disable-libssp --disable-systemtap --enable-vtable-verify --enable-lto --without-isl --enable-default-pie --enable-default-ssp
Thread model: posix
gcc version 9.2.0 (Gentoo 9.2.0-r2 p3) 
COMPILER_PATH=/usr/libexec/gcc/x86_64-pc-linux-gnu/9.2.0/:/usr/libexec/gcc/x86_64-pc-linux-gnu/9.2.0/:/usr/libexec/gcc/x86_64-pc-linux-gnu/:/usr/lib/gcc/x86_64-pc-linux-gnu/9.2.0/:/usr/lib/gcc/x86_64-pc-linux-gnu/:/usr/lib/gcc/x86_64-pc-linux-gnu/9.2.0/../../../../x86_64-pc-linux-gnu/bin/
LIBRARY_PATH=/usr/lib/gcc/x86_64-pc-linux-gnu/9.2.0/:/usr/lib/gcc/x86_64-pc-linux-gnu/9.2.0/../../../../lib64/:/lib/../lib64/:/usr/lib/../lib64/:/usr/lib/gcc/x86_64-pc-linux-gnu/9.2.0/../../../../x86_64-pc-linux-gnu/lib/:/usr/lib/gcc/x86_64-pc-linux-gnu/9.2.0/../../../:/lib/:/usr/lib/
COLLECT_GCC_OPTIONS='-v' '-rdynamic' '-o' 'cmTC_97164' '-mtune=generic' '-march=x86-64'
 /usr/libexec/gcc/x86_64-pc-linux-gnu/9.2.0/collect2 -plugin /usr/libexec/gcc/x86_64-pc-linux-gnu/9.2.0/liblto_plugin.so -plugin-opt=/usr/libexec/gcc/x86_64-pc-linux-gnu/9.2.0/lto-wrapper -plugin-opt=-fresolution=/tmp/ccbxFg0c.res -plugin-opt=-pass-through=-lgcc -plugin-opt=-pass-through=-lgcc_s -plugin-opt=-pass-through=-lc -plugin-opt=-pass-through=-lgcc -plugin-opt=-pass-through=-lgcc_s --eh-frame-hdr -m elf_x86_64 -export-dynamic -dynamic-linker /lib64/ld-linux-x86-64.so.2 -pie -o cmTC_97164 /usr/lib/gcc/x86_64-pc-linux-gnu/9.2.0/../../../../lib64/Scrt1.o /usr/lib/gcc/x86_64-pc-linux-gnu/9.2.0/../../../../lib64/crti.o /usr/lib/gcc/x86_64-pc-linux-gnu/9.2.0/crtbeginS.o -L/usr/lib/gcc/x86_64-pc-linux-gnu/9.2.0 -L/usr/lib/gcc/x86_64-pc-linux-gnu/9.2.0/../../../../lib64 -L/lib/../lib64 -L/usr/lib/../lib64 -L/usr/lib/gcc/x86_64-pc-linux-gnu/9.2.0/../../../../x86_64-pc-linux-gnu/lib -L/usr/lib/gcc/x86_64-pc-linux-gnu/9.2.0/../../.. CMakeFiles/cmTC_97164.dir/CMakeCCompilerABI.c.o -lgcc --push-state --as-needed -lgcc_s --pop-state -lc -lgcc --push-state --as-needed -lgcc_s --pop-state /usr/lib/gcc/x86_64-pc-linux-gnu/9.2.0/crtendS.o /usr/lib/gcc/x86_64-pc-linux-gnu/9.2.0/../../../../lib64/crtn.o
COLLECT_GCC_OPTIONS='-v' '-rdynamic' '-o' 'cmTC_97164' '-mtune=generic' '-march=x86-64'
gmake[1]: Leaving directory '/home/jharbin/academic/atlas/git/atlas-middleware/custom-moos/build/MOOS/proj-5.2.0/CMakeFiles/CMakeTmp'



Parsed C implicit include dir info from above output: rv=done
  found start of include info
  found start of implicit include info
    add: [/usr/lib/gcc/x86_64-pc-linux-gnu/9.2.0/include]
    add: [/usr/local/include]
    add: [/usr/lib/gcc/x86_64-pc-linux-gnu/9.2.0/include-fixed]
    add: [/usr/include]
  end of search list found
  collapse include dir [/usr/lib/gcc/x86_64-pc-linux-gnu/9.2.0/include] ==> [/usr/lib/gcc/x86_64-pc-linux-gnu/9.2.0/include]
  collapse include dir [/usr/local/include] ==> [/usr/local/include]
  collapse include dir [/usr/lib/gcc/x86_64-pc-linux-gnu/9.2.0/include-fixed] ==> [/usr/lib/gcc/x86_64-pc-linux-gnu/9.2.0/include-fixed]
  collapse include dir [/usr/include] ==> [/usr/include]
  implicit include dirs: [/usr/lib/gcc/x86_64-pc-linux-gnu/9.2.0/include;/usr/local/include;/usr/lib/gcc/x86_64-pc-linux-gnu/9.2.0/include-fixed;/usr/include]


Parsed C implicit link information from above output:
  link line regex: [^( *|.*[/\])(ld|CMAKE_LINK_STARTFILE-NOTFOUND|([^/\]+-)?ld|collect2)[^/\]*( |$)]
  ignore line: [Change Dir: /home/jharbin/academic/atlas/git/atlas-middleware/custom-moos/build/MOOS/proj-5.2.0/CMakeFiles/CMakeTmp]
  ignore line: []
  ignore line: [Run Build Command(s):/usr/bin/gmake cmTC_97164/fast && /usr/bin/gmake -f CMakeFiles/cmTC_97164.dir/build.make CMakeFiles/cmTC_97164.dir/build]
  ignore line: [gmake[1]: Entering directory '/home/jharbin/academic/atlas/git/atlas-middleware/custom-moos/build/MOOS/proj-5.2.0/CMakeFiles/CMakeTmp']
  ignore line: [Building C object CMakeFiles/cmTC_97164.dir/CMakeCCompilerABI.c.o]
  ignore line: [/usr/bin/cc   -fPIE   -v -o CMakeFiles/cmTC_97164.dir/CMakeCCompilerABI.c.o   -c /usr/share/cmake/Modules/CMakeCCompilerABI.c]
  ignore line: [Using built-in specs.]
  ignore line: [COLLECT_GCC=/usr/bin/cc]
  ignore line: [Target: x86_64-pc-linux-gnu]
  ignore line: [Configured with: /var/tmp/portage/sys-devel/gcc-9.2.0-r2/work/gcc-9.2.0/configure --host=x86_64-pc-linux-gnu --build=x86_64-pc-linux-gnu --prefix=/usr --bindir=/usr/x86_64-pc-linux-gnu/gcc-bin/9.2.0 --includedir=/usr/lib/gcc/x86_64-pc-linux-gnu/9.2.0/include --datadir=/usr/share/gcc-data/x86_64-pc-linux-gnu/9.2.0 --mandir=/usr/share/gcc-data/x86_64-pc-linux-gnu/9.2.0/man --infodir=/usr/share/gcc-data/x86_64-pc-linux-gnu/9.2.0/info --with-gxx-include-dir=/usr/lib/gcc/x86_64-pc-linux-gnu/9.2.0/include/g++-v9 --with-python-dir=/share/gcc-data/x86_64-pc-linux-gnu/9.2.0/python --enable-languages=c c++ fortran --enable-obsolete --enable-secureplt --disable-werror --with-system-zlib --enable-nls --without-included-gettext --enable-checking=release --with-bugurl=https://bugs.gentoo.org/ --with-pkgversion='Gentoo 9.2.0-r2 p3' --disable-esp --enable-libstdcxx-time --enable-shared --enable-threads=posix --enable-__cxa_atexit --enable-clocale=gnu --enable-multilib --with-multilib-list=m32 m64 --disable-altivec --disable-fixed-point --enable-targets=all --enable-libgomp --disable-libmudflap --disable-libssp --disable-systemtap --enable-vtable-verify --enable-lto --without-isl --enable-default-pie --enable-default-ssp]
  ignore line: [Thread model: posix]
  ignore line: [gcc version 9.2.0 (Gentoo 9.2.0-r2 p3) ]
  ignore line: [COLLECT_GCC_OPTIONS='-fPIE' '-v' '-o' 'CMakeFiles/cmTC_97164.dir/CMakeCCompilerABI.c.o' '-c' '-mtune=generic' '-march=x86-64']
  ignore line: [ /usr/libexec/gcc/x86_64-pc-linux-gnu/9.2.0/cc1 -quiet -v /usr/share/cmake/Modules/CMakeCCompilerABI.c -quiet -dumpbase CMakeCCompilerABI.c -mtune=generic -march=x86-64 -auxbase-strip CMakeFiles/cmTC_97164.dir/CMakeCCompilerABI.c.o -version -fPIE -o /tmp/ccLLwaHM.s]
  ignore line: [GNU C17 (Gentoo 9.2.0-r2 p3) version 9.2.0 (x86_64-pc-linux-gnu)]
  ignore line: [	compiled by GNU C version 9.2.0  GMP version 6.1.2  MPFR version 4.0.2  MPC version 1.1.0  isl version none]
  ignore line: [GGC heuristics: --param ggc-min-expand=100 --param ggc-min-heapsize=131072]
  ignore line: [ignoring nonexistent directory "/usr/lib/gcc/x86_64-pc-linux-gnu/9.2.0/../../../../x86_64-pc-linux-gnu/include"]
  ignore line: [#include "..." search starts here:]
  ignore line: [#include <...> search starts here:]
  ignore line: [ /usr/lib/gcc/x86_64-pc-linux-gnu/9.2.0/include]
  ignore line: [ /usr/local/include]
  ignore line: [ /usr/lib/gcc/x86_64-pc-linux-gnu/9.2.0/include-fixed]
  ignore line: [ /usr/include]
  ignore line: [End of search list.]
  ignore line: [GNU C17 (Gentoo 9.2.0-r2 p3) version 9.2.0 (x86_64-pc-linux-gnu)]
  ignore line: [	compiled by GNU C version 9.2.0  GMP version 6.1.2  MPFR version 4.0.2  MPC version 1.1.0  isl version none]
  ignore line: [GGC heuristics: --param ggc-min-expand=100 --param ggc-min-heapsize=131072]
  ignore line: [Compiler executable checksum: dd27017623c82e938e01767d00c65100]
  ignore line: [COLLECT_GCC_OPTIONS='-fPIE' '-v' '-o' 'CMakeFiles/cmTC_97164.dir/CMakeCCompilerABI.c.o' '-c' '-mtune=generic' '-march=x86-64']
  ignore line: [ /usr/lib/gcc/x86_64-pc-linux-gnu/9.2.0/../../../../x86_64-pc-linux-gnu/bin/as -v --64 -o CMakeFiles/cmTC_97164.dir/CMakeCCompilerABI.c.o /tmp/ccLLwaHM.s]
  ignore line: [GNU assembler version 2.32.0 (x86_64-pc-linux-gnu) using BFD version (Gentoo 2.32 p2) 2.32.0]
  ignore line: [COMPILER_PATH=/usr/libexec/gcc/x86_64-pc-linux-gnu/9.2.0/:/usr/libexec/gcc/x86_64-pc-linux-gnu/9.2.0/:/usr/libexec/gcc/x86_64-pc-linux-gnu/:/usr/lib/gcc/x86_64-pc-linux-gnu/9.2.0/:/usr/lib/gcc/x86_64-pc-linux-gnu/:/usr/lib/gcc/x86_64-pc-linux-gnu/9.2.0/../../../../x86_64-pc-linux-gnu/bin/]
  ignore line: [LIBRARY_PATH=/usr/lib/gcc/x86_64-pc-linux-gnu/9.2.0/:/usr/lib/gcc/x86_64-pc-linux-gnu/9.2.0/../../../../lib64/:/lib/../lib64/:/usr/lib/../lib64/:/usr/lib/gcc/x86_64-pc-linux-gnu/9.2.0/../../../../x86_64-pc-linux-gnu/lib/:/usr/lib/gcc/x86_64-pc-linux-gnu/9.2.0/../../../:/lib/:/usr/lib/]
  ignore line: [COLLECT_GCC_OPTIONS='-fPIE' '-v' '-o' 'CMakeFiles/cmTC_97164.dir/CMakeCCompilerABI.c.o' '-c' '-mtune=generic' '-march=x86-64']
  ignore line: [Linking C executable cmTC_97164]
  ignore line: [/usr/bin/cmake -E cmake_link_script CMakeFiles/cmTC_97164.dir/link.txt --verbose=1]
  ignore line: [/usr/bin/cc     -v -rdynamic CMakeFiles/cmTC_97164.dir/CMakeCCompilerABI.c.o  -o cmTC_97164 ]
  ignore line: [Using built-in specs.]
  ignore line: [COLLECT_GCC=/usr/bin/cc]
  ignore line: [COLLECT_LTO_WRAPPER=/usr/libexec/gcc/x86_64-pc-linux-gnu/9.2.0/lto-wrapper]
  ignore line: [Target: x86_64-pc-linux-gnu]
  ignore line: [Configured with: /var/tmp/portage/sys-devel/gcc-9.2.0-r2/work/gcc-9.2.0/configure --host=x86_64-pc-linux-gnu --build=x86_64-pc-linux-gnu --prefix=/usr --bindir=/usr/x86_64-pc-linux-gnu/gcc-bin/9.2.0 --includedir=/usr/lib/gcc/x86_64-pc-linux-gnu/9.2.0/include --datadir=/usr/share/gcc-data/x86_64-pc-linux-gnu/9.2.0 --mandir=/usr/share/gcc-data/x86_64-pc-linux-gnu/9.2.0/man --infodir=/usr/share/gcc-data/x86_64-pc-linux-gnu/9.2.0/info --with-gxx-include-dir=/usr/lib/gcc/x86_64-pc-linux-gnu/9.2.0/include/g++-v9 --with-python-dir=/share/gcc-data/x86_64-pc-linux-gnu/9.2.0/python --enable-languages=c c++ fortran --enable-obsolete --enable-secureplt --disable-werror --with-system-zlib --enable-nls --without-included-gettext --enable-checking=release --with-bugurl=https://bugs.gentoo.org/ --with-pkgversion='Gentoo 9.2.0-r2 p3' --disable-esp --enable-libstdcxx-time --enable-shared --enable-threads=posix --enable-__cxa_atexit --enable-clocale=gnu --enable-multilib --with-multilib-list=m32 m64 --disable-altivec --disable-fixed-point --enable-targets=all --enable-libgomp --disable-libmudflap --disable-libssp --disable-systemtap --enable-vtable-verify --enable-lto --without-isl --enable-default-pie --enable-default-ssp]
  ignore line: [Thread model: posix]
  ignore line: [gcc version 9.2.0 (Gentoo 9.2.0-r2 p3) ]
  ignore line: [COMPILER_PATH=/usr/libexec/gcc/x86_64-pc-linux-gnu/9.2.0/:/usr/libexec/gcc/x86_64-pc-linux-gnu/9.2.0/:/usr/libexec/gcc/x86_64-pc-linux-gnu/:/usr/lib/gcc/x86_64-pc-linux-gnu/9.2.0/:/usr/lib/gcc/x86_64-pc-linux-gnu/:/usr/lib/gcc/x86_64-pc-linux-gnu/9.2.0/../../../../x86_64-pc-linux-gnu/bin/]
  ignore line: [LIBRARY_PATH=/usr/lib/gcc/x86_64-pc-linux-gnu/9.2.0/:/usr/lib/gcc/x86_64-pc-linux-gnu/9.2.0/../../../../lib64/:/lib/../lib64/:/usr/lib/../lib64/:/usr/lib/gcc/x86_64-pc-linux-gnu/9.2.0/../../../../x86_64-pc-linux-gnu/lib/:/usr/lib/gcc/x86_64-pc-linux-gnu/9.2.0/../../../:/lib/:/usr/lib/]
  ignore line: [COLLECT_GCC_OPTIONS='-v' '-rdynamic' '-o' 'cmTC_97164' '-mtune=generic' '-march=x86-64']
  link line: [ /usr/libexec/gcc/x86_64-pc-linux-gnu/9.2.0/collect2 -plugin /usr/libexec/gcc/x86_64-pc-linux-gnu/9.2.0/liblto_plugin.so -plugin-opt=/usr/libexec/gcc/x86_64-pc-linux-gnu/9.2.0/lto-wrapper -plugin-opt=-fresolution=/tmp/ccbxFg0c.res -plugin-opt=-pass-through=-lgcc -plugin-opt=-pass-through=-lgcc_s -plugin-opt=-pass-through=-lc -plugin-opt=-pass-through=-lgcc -plugin-opt=-pass-through=-lgcc_s --eh-frame-hdr -m elf_x86_64 -export-dynamic -dynamic-linker /lib64/ld-linux-x86-64.so.2 -pie -o cmTC_97164 /usr/lib/gcc/x86_64-pc-linux-gnu/9.2.0/../../../../lib64/Scrt1.o /usr/lib/gcc/x86_64-pc-linux-gnu/9.2.0/../../../../lib64/crti.o /usr/lib/gcc/x86_64-pc-linux-gnu/9.2.0/crtbeginS.o -L/usr/lib/gcc/x86_64-pc-linux-gnu/9.2.0 -L/usr/lib/gcc/x86_64-pc-linux-gnu/9.2.0/../../../../lib64 -L/lib/../lib64 -L/usr/lib/../lib64 -L/usr/lib/gcc/x86_64-pc-linux-gnu/9.2.0/../../../../x86_64-pc-linux-gnu/lib -L/usr/lib/gcc/x86_64-pc-linux-gnu/9.2.0/../../.. CMakeFiles/cmTC_97164.dir/CMakeCCompilerABI.c.o -lgcc --push-state --as-needed -lgcc_s --pop-state -lc -lgcc --push-state --as-needed -lgcc_s --pop-state /usr/lib/gcc/x86_64-pc-linux-gnu/9.2.0/crtendS.o /usr/lib/gcc/x86_64-pc-linux-gnu/9.2.0/../../../../lib64/crtn.o]
    arg [/usr/libexec/gcc/x86_64-pc-linux-gnu/9.2.0/collect2] ==> ignore
    arg [-plugin] ==> ignore
    arg [/usr/libexec/gcc/x86_64-pc-linux-gnu/9.2.0/liblto_plugin.so] ==> ignore
    arg [-plugin-opt=/usr/libexec/gcc/x86_64-pc-linux-gnu/9.2.0/lto-wrapper] ==> ignore
    arg [-plugin-opt=-fresolution=/tmp/ccbxFg0c.res] ==> ignore
    arg [-plugin-opt=-pass-through=-lgcc] ==> ignore
    arg [-plugin-opt=-pass-through=-lgcc_s] ==> ignore
    arg [-plugin-opt=-pass-through=-lc] ==> ignore
    arg [-plugin-opt=-pass-through=-lgcc] ==> ignore
    arg [-plugin-opt=-pass-through=-lgcc_s] ==> ignore
    arg [--eh-frame-hdr] ==> ignore
    arg [-m] ==> ignore
    arg [elf_x86_64] ==> ignore
    arg [-export-dynamic] ==> ignore
    arg [-dynamic-linker] ==> ignore
    arg [/lib64/ld-linux-x86-64.so.2] ==> ignore
    arg [-pie] ==> ignore
    arg [-o] ==> ignore
    arg [cmTC_97164] ==> ignore
    arg [/usr/lib/gcc/x86_64-pc-linux-gnu/9.2.0/../../../../lib64/Scrt1.o] ==> ignore
    arg [/usr/lib/gcc/x86_64-pc-linux-gnu/9.2.0/../../../../lib64/crti.o] ==> ignore
    arg [/usr/lib/gcc/x86_64-pc-linux-gnu/9.2.0/crtbeginS.o] ==> ignore
    arg [-L/usr/lib/gcc/x86_64-pc-linux-gnu/9.2.0] ==> dir [/usr/lib/gcc/x86_64-pc-linux-gnu/9.2.0]
    arg [-L/usr/lib/gcc/x86_64-pc-linux-gnu/9.2.0/../../../../lib64] ==> dir [/usr/lib/gcc/x86_64-pc-linux-gnu/9.2.0/../../../../lib64]
    arg [-L/lib/../lib64] ==> dir [/lib/../lib64]
    arg [-L/usr/lib/../lib64] ==> dir [/usr/lib/../lib64]
    arg [-L/usr/lib/gcc/x86_64-pc-linux-gnu/9.2.0/../../../../x86_64-pc-linux-gnu/lib] ==> dir [/usr/lib/gcc/x86_64-pc-linux-gnu/9.2.0/../../../../x86_64-pc-linux-gnu/lib]
    arg [-L/usr/lib/gcc/x86_64-pc-linux-gnu/9.2.0/../../..] ==> dir [/usr/lib/gcc/x86_64-pc-linux-gnu/9.2.0/../../..]
    arg [CMakeFiles/cmTC_97164.dir/CMakeCCompilerABI.c.o] ==> ignore
    arg [-lgcc] ==> lib [gcc]
    arg [--push-state] ==> ignore
    arg [--as-needed] ==> ignore
    arg [-lgcc_s] ==> lib [gcc_s]
    arg [--pop-state] ==> ignore
    arg [-lc] ==> lib [c]
    arg [-lgcc] ==> lib [gcc]
    arg [--push-state] ==> ignore
    arg [--as-needed] ==> ignore
    arg [-lgcc_s] ==> lib [gcc_s]
    arg [--pop-state] ==> ignore
    arg [/usr/lib/gcc/x86_64-pc-linux-gnu/9.2.0/crtendS.o] ==> ignore
    arg [/usr/lib/gcc/x86_64-pc-linux-gnu/9.2.0/../../../../lib64/crtn.o] ==> ignore
  collapse library dir [/usr/lib/gcc/x86_64-pc-linux-gnu/9.2.0] ==> [/usr/lib/gcc/x86_64-pc-linux-gnu/9.2.0]
  collapse library dir [/usr/lib/gcc/x86_64-pc-linux-gnu/9.2.0/../../../../lib64] ==> [/usr/lib64]
  collapse library dir [/lib/../lib64] ==> [/lib64]
  collapse library dir [/usr/lib/../lib64] ==> [/usr/lib64]
  collapse library dir [/usr/lib/gcc/x86_64-pc-linux-gnu/9.2.0/../../../../x86_64-pc-linux-gnu/lib] ==> [/usr/x86_64-pc-linux-gnu/lib]
  collapse library dir [/usr/lib/gcc/x86_64-pc-linux-gnu/9.2.0/../../..] ==> [/usr/lib]
  implicit libs: [gcc;gcc_s;c;gcc;gcc_s]
  implicit dirs: [/usr/lib/gcc/x86_64-pc-linux-gnu/9.2.0;/usr/lib64;/lib64;/usr/x86_64-pc-linux-gnu/lib;/usr/lib]
  implicit fwks: []


Determining if the CXX compiler works passed with the following output:
Change Dir: /home/jharbin/academic/atlas/git/atlas-middleware/custom-moos/build/MOOS/proj-5.2.0/CMakeFiles/CMakeTmp

Run Build Command(s):/usr/bin/gmake cmTC_f5d31/fast && /usr/bin/gmake -f CMakeFiles/cmTC_f5d31.dir/build.make CMakeFiles/cmTC_f5d31.dir/build
gmake[1]: Entering directory '/home/jharbin/academic/atlas/git/atlas-middleware/custom-moos/build/MOOS/proj-5.2.0/CMakeFiles/CMakeTmp'
Building CXX object CMakeFiles/cmTC_f5d31.dir/testCXXCompiler.cxx.o
/usr/bin/c++    -fPIE   -o CMakeFiles/cmTC_f5d31.dir/testCXXCompiler.cxx.o -c /home/jharbin/academic/atlas/git/atlas-middleware/custom-moos/build/MOOS/proj-5.2.0/CMakeFiles/CMakeTmp/testCXXCompiler.cxx
Linking CXX executable cmTC_f5d31
/usr/bin/cmake -E cmake_link_script CMakeFiles/cmTC_f5d31.dir/link.txt --verbose=1
/usr/bin/c++       -rdynamic CMakeFiles/cmTC_f5d31.dir/testCXXCompiler.cxx.o  -o cmTC_f5d31 
gmake[1]: Leaving directory '/home/jharbin/academic/atlas/git/atlas-middleware/custom-moos/build/MOOS/proj-5.2.0/CMakeFiles/CMakeTmp'



Detecting CXX compiler ABI info compiled with the following output:
Change Dir: /home/jharbin/academic/atlas/git/atlas-middleware/custom-moos/build/MOOS/proj-5.2.0/CMakeFiles/CMakeTmp

Run Build Command(s):/usr/bin/gmake cmTC_b3da4/fast && /usr/bin/gmake -f CMakeFiles/cmTC_b3da4.dir/build.make CMakeFiles/cmTC_b3da4.dir/build
gmake[1]: Entering directory '/home/jharbin/academic/atlas/git/atlas-middleware/custom-moos/build/MOOS/proj-5.2.0/CMakeFiles/CMakeTmp'
Building CXX object CMakeFiles/cmTC_b3da4.dir/CMakeCXXCompilerABI.cpp.o
/usr/bin/c++    -fPIE   -v -o CMakeFiles/cmTC_b3da4.dir/CMakeCXXCompilerABI.cpp.o -c /usr/share/cmake/Modules/CMakeCXXCompilerABI.cpp
Using built-in specs.
COLLECT_GCC=/usr/bin/c++
Target: x86_64-pc-linux-gnu
Configured with: /var/tmp/portage/sys-devel/gcc-9.2.0-r2/work/gcc-9.2.0/configure --host=x86_64-pc-linux-gnu --build=x86_64-pc-linux-gnu --prefix=/usr --bindir=/usr/x86_64-pc-linux-gnu/gcc-bin/9.2.0 --includedir=/usr/lib/gcc/x86_64-pc-linux-gnu/9.2.0/include --datadir=/usr/share/gcc-data/x86_64-pc-linux-gnu/9.2.0 --mandir=/usr/share/gcc-data/x86_64-pc-linux-gnu/9.2.0/man --infodir=/usr/share/gcc-data/x86_64-pc-linux-gnu/9.2.0/info --with-gxx-include-dir=/usr/lib/gcc/x86_64-pc-linux-gnu/9.2.0/include/g++-v9 --with-python-dir=/share/gcc-data/x86_64-pc-linux-gnu/9.2.0/python --enable-languages=c,c++,fortran --enable-obsolete --enable-secureplt --disable-werror --with-system-zlib --enable-nls --without-included-gettext --enable-checking=release --with-bugurl=https://bugs.gentoo.org/ --with-pkgversion='Gentoo 9.2.0-r2 p3' --disable-esp --enable-libstdcxx-time --enable-shared --enable-threads=posix --enable-__cxa_atexit --enable-clocale=gnu --enable-multilib --with-multilib-list=m32,m64 --disable-altivec --disable-fixed-point --enable-targets=all --enable-libgomp --disable-libmudflap --disable-libssp --disable-systemtap --enable-vtable-verify --enable-lto --without-isl --enable-default-pie --enable-default-ssp
Thread model: posix
gcc version 9.2.0 (Gentoo 9.2.0-r2 p3) 
COLLECT_GCC_OPTIONS='-fPIE' '-v' '-o' 'CMakeFiles/cmTC_b3da4.dir/CMakeCXXCompilerABI.cpp.o' '-c' '-shared-libgcc' '-mtune=generic' '-march=x86-64'
 /usr/libexec/gcc/x86_64-pc-linux-gnu/9.2.0/cc1plus -quiet -v -D_GNU_SOURCE /usr/share/cmake/Modules/CMakeCXXCompilerABI.cpp -quiet -dumpbase CMakeCXXCompilerABI.cpp -mtune=generic -march=x86-64 -auxbase-strip CMakeFiles/cmTC_b3da4.dir/CMakeCXXCompilerABI.cpp.o -version -fPIE -o /tmp/ccRowyQs.s
GNU C++14 (Gentoo 9.2.0-r2 p3) version 9.2.0 (x86_64-pc-linux-gnu)
	compiled by GNU C version 9.2.0, GMP version 6.1.2, MPFR version 4.0.2, MPC version 1.1.0, isl version none
GGC heuristics: --param ggc-min-expand=100 --param ggc-min-heapsize=131072
ignoring nonexistent directory "/usr/lib/gcc/x86_64-pc-linux-gnu/9.2.0/../../../../x86_64-pc-linux-gnu/include"
#include "..." search starts here:
#include <...> search starts here:
 /usr/lib/gcc/x86_64-pc-linux-gnu/9.2.0/include/g++-v9
 /usr/lib/gcc/x86_64-pc-linux-gnu/9.2.0/include/g++-v9/x86_64-pc-linux-gnu
 /usr/lib/gcc/x86_64-pc-linux-gnu/9.2.0/include/g++-v9/backward
 /usr/lib/gcc/x86_64-pc-linux-gnu/9.2.0/include
 /usr/local/include
 /usr/lib/gcc/x86_64-pc-linux-gnu/9.2.0/include-fixed
 /usr/include
End of search list.
GNU C++14 (Gentoo 9.2.0-r2 p3) version 9.2.0 (x86_64-pc-linux-gnu)
	compiled by GNU C version 9.2.0, GMP version 6.1.2, MPFR version 4.0.2, MPC version 1.1.0, isl version none
GGC heuristics: --param ggc-min-expand=100 --param ggc-min-heapsize=131072
Compiler executable checksum: 161bbf4623eb0f1aa62438ce104ae41d
COLLECT_GCC_OPTIONS='-fPIE' '-v' '-o' 'CMakeFiles/cmTC_b3da4.dir/CMakeCXXCompilerABI.cpp.o' '-c' '-shared-libgcc' '-mtune=generic' '-march=x86-64'
 /usr/lib/gcc/x86_64-pc-linux-gnu/9.2.0/../../../../x86_64-pc-linux-gnu/bin/as -v --64 -o CMakeFiles/cmTC_b3da4.dir/CMakeCXXCompilerABI.cpp.o /tmp/ccRowyQs.s
GNU assembler version 2.32.0 (x86_64-pc-linux-gnu) using BFD version (Gentoo 2.32 p2) 2.32.0
COMPILER_PATH=/usr/libexec/gcc/x86_64-pc-linux-gnu/9.2.0/:/usr/libexec/gcc/x86_64-pc-linux-gnu/9.2.0/:/usr/libexec/gcc/x86_64-pc-linux-gnu/:/usr/lib/gcc/x86_64-pc-linux-gnu/9.2.0/:/usr/lib/gcc/x86_64-pc-linux-gnu/:/usr/lib/gcc/x86_64-pc-linux-gnu/9.2.0/../../../../x86_64-pc-linux-gnu/bin/
LIBRARY_PATH=/usr/lib/gcc/x86_64-pc-linux-gnu/9.2.0/:/usr/lib/gcc/x86_64-pc-linux-gnu/9.2.0/../../../../lib64/:/lib/../lib64/:/usr/lib/../lib64/:/usr/lib/gcc/x86_64-pc-linux-gnu/9.2.0/../../../../x86_64-pc-linux-gnu/lib/:/usr/lib/gcc/x86_64-pc-linux-gnu/9.2.0/../../../:/lib/:/usr/lib/
COLLECT_GCC_OPTIONS='-fPIE' '-v' '-o' 'CMakeFiles/cmTC_b3da4.dir/CMakeCXXCompilerABI.cpp.o' '-c' '-shared-libgcc' '-mtune=generic' '-march=x86-64'
Linking CXX executable cmTC_b3da4
/usr/bin/cmake -E cmake_link_script CMakeFiles/cmTC_b3da4.dir/link.txt --verbose=1
/usr/bin/c++      -v -rdynamic CMakeFiles/cmTC_b3da4.dir/CMakeCXXCompilerABI.cpp.o  -o cmTC_b3da4 
Using built-in specs.
COLLECT_GCC=/usr/bin/c++
COLLECT_LTO_WRAPPER=/usr/libexec/gcc/x86_64-pc-linux-gnu/9.2.0/lto-wrapper
Target: x86_64-pc-linux-gnu
Configured with: /var/tmp/portage/sys-devel/gcc-9.2.0-r2/work/gcc-9.2.0/configure --host=x86_64-pc-linux-gnu --build=x86_64-pc-linux-gnu --prefix=/usr --bindir=/usr/x86_64-pc-linux-gnu/gcc-bin/9.2.0 --includedir=/usr/lib/gcc/x86_64-pc-linux-gnu/9.2.0/include --datadir=/usr/share/gcc-data/x86_64-pc-linux-gnu/9.2.0 --mandir=/usr/share/gcc-data/x86_64-pc-linux-gnu/9.2.0/man --infodir=/usr/share/gcc-data/x86_64-pc-linux-gnu/9.2.0/info --with-gxx-include-dir=/usr/lib/gcc/x86_64-pc-linux-gnu/9.2.0/include/g++-v9 --with-python-dir=/share/gcc-data/x86_64-pc-linux-gnu/9.2.0/python --enable-languages=c,c++,fortran --enable-obsolete --enable-secureplt --disable-werror --with-system-zlib --enable-nls --without-included-gettext --enable-checking=release --with-bugurl=https://bugs.gentoo.org/ --with-pkgversion='Gentoo 9.2.0-r2 p3' --disable-esp --enable-libstdcxx-time --enable-shared --enable-threads=posix --enable-__cxa_atexit --enable-clocale=gnu --enable-multilib --with-multilib-list=m32,m64 --disable-altivec --disable-fixed-point --enable-targets=all --enable-libgomp --disable-libmudflap --disable-libssp --disable-systemtap --enable-vtable-verify --enable-lto --without-isl --enable-default-pie --enable-default-ssp
Thread model: posix
gcc version 9.2.0 (Gentoo 9.2.0-r2 p3) 
COMPILER_PATH=/usr/libexec/gcc/x86_64-pc-linux-gnu/9.2.0/:/usr/libexec/gcc/x86_64-pc-linux-gnu/9.2.0/:/usr/libexec/gcc/x86_64-pc-linux-gnu/:/usr/lib/gcc/x86_64-pc-linux-gnu/9.2.0/:/usr/lib/gcc/x86_64-pc-linux-gnu/:/usr/lib/gcc/x86_64-pc-linux-gnu/9.2.0/../../../../x86_64-pc-linux-gnu/bin/
LIBRARY_PATH=/usr/lib/gcc/x86_64-pc-linux-gnu/9.2.0/:/usr/lib/gcc/x86_64-pc-linux-gnu/9.2.0/../../../../lib64/:/lib/../lib64/:/usr/lib/../lib64/:/usr/lib/gcc/x86_64-pc-linux-gnu/9.2.0/../../../../x86_64-pc-linux-gnu/lib/:/usr/lib/gcc/x86_64-pc-linux-gnu/9.2.0/../../../:/lib/:/usr/lib/
COLLECT_GCC_OPTIONS='-v' '-rdynamic' '-o' 'cmTC_b3da4' '-shared-libgcc' '-mtune=generic' '-march=x86-64'
 /usr/libexec/gcc/x86_64-pc-linux-gnu/9.2.0/collect2 -plugin /usr/libexec/gcc/x86_64-pc-linux-gnu/9.2.0/liblto_plugin.so -plugin-opt=/usr/libexec/gcc/x86_64-pc-linux-gnu/9.2.0/lto-wrapper -plugin-opt=-fresolution=/tmp/ccRK09ES.res -plugin-opt=-pass-through=-lgcc_s -plugin-opt=-pass-through=-lgcc -plugin-opt=-pass-through=-lc -plugin-opt=-pass-through=-lgcc_s -plugin-opt=-pass-through=-lgcc --eh-frame-hdr -m elf_x86_64 -export-dynamic -dynamic-linker /lib64/ld-linux-x86-64.so.2 -pie -o cmTC_b3da4 /usr/lib/gcc/x86_64-pc-linux-gnu/9.2.0/../../../../lib64/Scrt1.o /usr/lib/gcc/x86_64-pc-linux-gnu/9.2.0/../../../../lib64/crti.o /usr/lib/gcc/x86_64-pc-linux-gnu/9.2.0/crtbeginS.o -L/usr/lib/gcc/x86_64-pc-linux-gnu/9.2.0 -L/usr/lib/gcc/x86_64-pc-linux-gnu/9.2.0/../../../../lib64 -L/lib/../lib64 -L/usr/lib/../lib64 -L/usr/lib/gcc/x86_64-pc-linux-gnu/9.2.0/../../../../x86_64-pc-linux-gnu/lib -L/usr/lib/gcc/x86_64-pc-linux-gnu/9.2.0/../../.. CMakeFiles/cmTC_b3da4.dir/CMakeCXXCompilerABI.cpp.o -lstdc++ -lm -lgcc_s -lgcc -lc -lgcc_s -lgcc /usr/lib/gcc/x86_64-pc-linux-gnu/9.2.0/crtendS.o /usr/lib/gcc/x86_64-pc-linux-gnu/9.2.0/../../../../lib64/crtn.o
COLLECT_GCC_OPTIONS='-v' '-rdynamic' '-o' 'cmTC_b3da4' '-shared-libgcc' '-mtune=generic' '-march=x86-64'
gmake[1]: Leaving directory '/home/jharbin/academic/atlas/git/atlas-middleware/custom-moos/build/MOOS/proj-5.2.0/CMakeFiles/CMakeTmp'



Parsed CXX implicit include dir info from above output: rv=done
  found start of include info
  found start of implicit include info
    add: [/usr/lib/gcc/x86_64-pc-linux-gnu/9.2.0/include/g++-v9]
    add: [/usr/lib/gcc/x86_64-pc-linux-gnu/9.2.0/include/g++-v9/x86_64-pc-linux-gnu]
    add: [/usr/lib/gcc/x86_64-pc-linux-gnu/9.2.0/include/g++-v9/backward]
    add: [/usr/lib/gcc/x86_64-pc-linux-gnu/9.2.0/include]
    add: [/usr/local/include]
    add: [/usr/lib/gcc/x86_64-pc-linux-gnu/9.2.0/include-fixed]
    add: [/usr/include]
  end of search list found
  collapse include dir [/usr/lib/gcc/x86_64-pc-linux-gnu/9.2.0/include/g++-v9] ==> [/usr/lib/gcc/x86_64-pc-linux-gnu/9.2.0/include/g++-v9]
  collapse include dir [/usr/lib/gcc/x86_64-pc-linux-gnu/9.2.0/include/g++-v9/x86_64-pc-linux-gnu] ==> [/usr/lib/gcc/x86_64-pc-linux-gnu/9.2.0/include/g++-v9/x86_64-pc-linux-gnu]
  collapse include dir [/usr/lib/gcc/x86_64-pc-linux-gnu/9.2.0/include/g++-v9/backward] ==> [/usr/lib/gcc/x86_64-pc-linux-gnu/9.2.0/include/g++-v9/backward]
  collapse include dir [/usr/lib/gcc/x86_64-pc-linux-gnu/9.2.0/include] ==> [/usr/lib/gcc/x86_64-pc-linux-gnu/9.2.0/include]
  collapse include dir [/usr/local/include] ==> [/usr/local/include]
  collapse include dir [/usr/lib/gcc/x86_64-pc-linux-gnu/9.2.0/include-fixed] ==> [/usr/lib/gcc/x86_64-pc-linux-gnu/9.2.0/include-fixed]
  collapse include dir [/usr/include] ==> [/usr/include]
  implicit include dirs: [/usr/lib/gcc/x86_64-pc-linux-gnu/9.2.0/include/g++-v9;/usr/lib/gcc/x86_64-pc-linux-gnu/9.2.0/include/g++-v9/x86_64-pc-linux-gnu;/usr/lib/gcc/x86_64-pc-linux-gnu/9.2.0/include/g++-v9/backward;/usr/lib/gcc/x86_64-pc-linux-gnu/9.2.0/include;/usr/local/include;/usr/lib/gcc/x86_64-pc-linux-gnu/9.2.0/include-fixed;/usr/include]


Parsed CXX implicit link information from above output:
  link line regex: [^( *|.*[/\])(ld|CMAKE_LINK_STARTFILE-NOTFOUND|([^/\]+-)?ld|collect2)[^/\]*( |$)]
  ignore line: [Change Dir: /home/jharbin/academic/atlas/git/atlas-middleware/custom-moos/build/MOOS/proj-5.2.0/CMakeFiles/CMakeTmp]
  ignore line: []
  ignore line: [Run Build Command(s):/usr/bin/gmake cmTC_b3da4/fast && /usr/bin/gmake -f CMakeFiles/cmTC_b3da4.dir/build.make CMakeFiles/cmTC_b3da4.dir/build]
  ignore line: [gmake[1]: Entering directory '/home/jharbin/academic/atlas/git/atlas-middleware/custom-moos/build/MOOS/proj-5.2.0/CMakeFiles/CMakeTmp']
  ignore line: [Building CXX object CMakeFiles/cmTC_b3da4.dir/CMakeCXXCompilerABI.cpp.o]
  ignore line: [/usr/bin/c++    -fPIE   -v -o CMakeFiles/cmTC_b3da4.dir/CMakeCXXCompilerABI.cpp.o -c /usr/share/cmake/Modules/CMakeCXXCompilerABI.cpp]
  ignore line: [Using built-in specs.]
  ignore line: [COLLECT_GCC=/usr/bin/c++]
  ignore line: [Target: x86_64-pc-linux-gnu]
  ignore line: [Configured with: /var/tmp/portage/sys-devel/gcc-9.2.0-r2/work/gcc-9.2.0/configure --host=x86_64-pc-linux-gnu --build=x86_64-pc-linux-gnu --prefix=/usr --bindir=/usr/x86_64-pc-linux-gnu/gcc-bin/9.2.0 --includedir=/usr/lib/gcc/x86_64-pc-linux-gnu/9.2.0/include --datadir=/usr/share/gcc-data/x86_64-pc-linux-gnu/9.2.0 --mandir=/usr/share/gcc-data/x86_64-pc-linux-gnu/9.2.0/man --infodir=/usr/share/gcc-data/x86_64-pc-linux-gnu/9.2.0/info --with-gxx-include-dir=/usr/lib/gcc/x86_64-pc-linux-gnu/9.2.0/include/g++-v9 --with-python-dir=/share/gcc-data/x86_64-pc-linux-gnu/9.2.0/python --enable-languages=c c++ fortran --enable-obsolete --enable-secureplt --disable-werror --with-system-zlib --enable-nls --without-included-gettext --enable-checking=release --with-bugurl=https://bugs.gentoo.org/ --with-pkgversion='Gentoo 9.2.0-r2 p3' --disable-esp --enable-libstdcxx-time --enable-shared --enable-threads=posix --enable-__cxa_atexit --enable-clocale=gnu --enable-multilib --with-multilib-list=m32 m64 --disable-altivec --disable-fixed-point --enable-targets=all --enable-libgomp --disable-libmudflap --disable-libssp --disable-systemtap --enable-vtable-verify --enable-lto --without-isl --enable-default-pie --enable-default-ssp]
  ignore line: [Thread model: posix]
  ignore line: [gcc version 9.2.0 (Gentoo 9.2.0-r2 p3) ]
  ignore line: [COLLECT_GCC_OPTIONS='-fPIE' '-v' '-o' 'CMakeFiles/cmTC_b3da4.dir/CMakeCXXCompilerABI.cpp.o' '-c' '-shared-libgcc' '-mtune=generic' '-march=x86-64']
  ignore line: [ /usr/libexec/gcc/x86_64-pc-linux-gnu/9.2.0/cc1plus -quiet -v -D_GNU_SOURCE /usr/share/cmake/Modules/CMakeCXXCompilerABI.cpp -quiet -dumpbase CMakeCXXCompilerABI.cpp -mtune=generic -march=x86-64 -auxbase-strip CMakeFiles/cmTC_b3da4.dir/CMakeCXXCompilerABI.cpp.o -version -fPIE -o /tmp/ccRowyQs.s]
  ignore line: [GNU C++14 (Gentoo 9.2.0-r2 p3) version 9.2.0 (x86_64-pc-linux-gnu)]
  ignore line: [	compiled by GNU C version 9.2.0  GMP version 6.1.2  MPFR version 4.0.2  MPC version 1.1.0  isl version none]
  ignore line: [GGC heuristics: --param ggc-min-expand=100 --param ggc-min-heapsize=131072]
  ignore line: [ignoring nonexistent directory "/usr/lib/gcc/x86_64-pc-linux-gnu/9.2.0/../../../../x86_64-pc-linux-gnu/include"]
  ignore line: [#include "..." search starts here:]
  ignore line: [#include <...> search starts here:]
  ignore line: [ /usr/lib/gcc/x86_64-pc-linux-gnu/9.2.0/include/g++-v9]
  ignore line: [ /usr/lib/gcc/x86_64-pc-linux-gnu/9.2.0/include/g++-v9/x86_64-pc-linux-gnu]
  ignore line: [ /usr/lib/gcc/x86_64-pc-linux-gnu/9.2.0/include/g++-v9/backward]
  ignore line: [ /usr/lib/gcc/x86_64-pc-linux-gnu/9.2.0/include]
  ignore line: [ /usr/local/include]
  ignore line: [ /usr/lib/gcc/x86_64-pc-linux-gnu/9.2.0/include-fixed]
  ignore line: [ /usr/include]
  ignore line: [End of search list.]
  ignore line: [GNU C++14 (Gentoo 9.2.0-r2 p3) version 9.2.0 (x86_64-pc-linux-gnu)]
  ignore line: [	compiled by GNU C version 9.2.0  GMP version 6.1.2  MPFR version 4.0.2  MPC version 1.1.0  isl version none]
  ignore line: [GGC heuristics: --param ggc-min-expand=100 --param ggc-min-heapsize=131072]
  ignore line: [Compiler executable checksum: 161bbf4623eb0f1aa62438ce104ae41d]
  ignore line: [COLLECT_GCC_OPTIONS='-fPIE' '-v' '-o' 'CMakeFiles/cmTC_b3da4.dir/CMakeCXXCompilerABI.cpp.o' '-c' '-shared-libgcc' '-mtune=generic' '-march=x86-64']
  ignore line: [ /usr/lib/gcc/x86_64-pc-linux-gnu/9.2.0/../../../../x86_64-pc-linux-gnu/bin/as -v --64 -o CMakeFiles/cmTC_b3da4.dir/CMakeCXXCompilerABI.cpp.o /tmp/ccRowyQs.s]
  ignore line: [GNU assembler version 2.32.0 (x86_64-pc-linux-gnu) using BFD version (Gentoo 2.32 p2) 2.32.0]
  ignore line: [COMPILER_PATH=/usr/libexec/gcc/x86_64-pc-linux-gnu/9.2.0/:/usr/libexec/gcc/x86_64-pc-linux-gnu/9.2.0/:/usr/libexec/gcc/x86_64-pc-linux-gnu/:/usr/lib/gcc/x86_64-pc-linux-gnu/9.2.0/:/usr/lib/gcc/x86_64-pc-linux-gnu/:/usr/lib/gcc/x86_64-pc-linux-gnu/9.2.0/../../../../x86_64-pc-linux-gnu/bin/]
  ignore line: [LIBRARY_PATH=/usr/lib/gcc/x86_64-pc-linux-gnu/9.2.0/:/usr/lib/gcc/x86_64-pc-linux-gnu/9.2.0/../../../../lib64/:/lib/../lib64/:/usr/lib/../lib64/:/usr/lib/gcc/x86_64-pc-linux-gnu/9.2.0/../../../../x86_64-pc-linux-gnu/lib/:/usr/lib/gcc/x86_64-pc-linux-gnu/9.2.0/../../../:/lib/:/usr/lib/]
  ignore line: [COLLECT_GCC_OPTIONS='-fPIE' '-v' '-o' 'CMakeFiles/cmTC_b3da4.dir/CMakeCXXCompilerABI.cpp.o' '-c' '-shared-libgcc' '-mtune=generic' '-march=x86-64']
  ignore line: [Linking CXX executable cmTC_b3da4]
  ignore line: [/usr/bin/cmake -E cmake_link_script CMakeFiles/cmTC_b3da4.dir/link.txt --verbose=1]
  ignore line: [/usr/bin/c++      -v -rdynamic CMakeFiles/cmTC_b3da4.dir/CMakeCXXCompilerABI.cpp.o  -o cmTC_b3da4 ]
  ignore line: [Using built-in specs.]
  ignore line: [COLLECT_GCC=/usr/bin/c++]
  ignore line: [COLLECT_LTO_WRAPPER=/usr/libexec/gcc/x86_64-pc-linux-gnu/9.2.0/lto-wrapper]
  ignore line: [Target: x86_64-pc-linux-gnu]
  ignore line: [Configured with: /var/tmp/portage/sys-devel/gcc-9.2.0-r2/work/gcc-9.2.0/configure --host=x86_64-pc-linux-gnu --build=x86_64-pc-linux-gnu --prefix=/usr --bindir=/usr/x86_64-pc-linux-gnu/gcc-bin/9.2.0 --includedir=/usr/lib/gcc/x86_64-pc-linux-gnu/9.2.0/include --datadir=/usr/share/gcc-data/x86_64-pc-linux-gnu/9.2.0 --mandir=/usr/share/gcc-data/x86_64-pc-linux-gnu/9.2.0/man --infodir=/usr/share/gcc-data/x86_64-pc-linux-gnu/9.2.0/info --with-gxx-include-dir=/usr/lib/gcc/x86_64-pc-linux-gnu/9.2.0/include/g++-v9 --with-python-dir=/share/gcc-data/x86_64-pc-linux-gnu/9.2.0/python --enable-languages=c c++ fortran --enable-obsolete --enable-secureplt --disable-werror --with-system-zlib --enable-nls --without-included-gettext --enable-checking=release --with-bugurl=https://bugs.gentoo.org/ --with-pkgversion='Gentoo 9.2.0-r2 p3' --disable-esp --enable-libstdcxx-time --enable-shared --enable-threads=posix --enable-__cxa_atexit --enable-clocale=gnu --enable-multilib --with-multilib-list=m32 m64 --disable-altivec --disable-fixed-point --enable-targets=all --enable-libgomp --disable-libmudflap --disable-libssp --disable-systemtap --enable-vtable-verify --enable-lto --without-isl --enable-default-pie --enable-default-ssp]
  ignore line: [Thread model: posix]
  ignore line: [gcc version 9.2.0 (Gentoo 9.2.0-r2 p3) ]
  ignore line: [COMPILER_PATH=/usr/libexec/gcc/x86_64-pc-linux-gnu/9.2.0/:/usr/libexec/gcc/x86_64-pc-linux-gnu/9.2.0/:/usr/libexec/gcc/x86_64-pc-linux-gnu/:/usr/lib/gcc/x86_64-pc-linux-gnu/9.2.0/:/usr/lib/gcc/x86_64-pc-linux-gnu/:/usr/lib/gcc/x86_64-pc-linux-gnu/9.2.0/../../../../x86_64-pc-linux-gnu/bin/]
  ignore line: [LIBRARY_PATH=/usr/lib/gcc/x86_64-pc-linux-gnu/9.2.0/:/usr/lib/gcc/x86_64-pc-linux-gnu/9.2.0/../../../../lib64/:/lib/../lib64/:/usr/lib/../lib64/:/usr/lib/gcc/x86_64-pc-linux-gnu/9.2.0/../../../../x86_64-pc-linux-gnu/lib/:/usr/lib/gcc/x86_64-pc-linux-gnu/9.2.0/../../../:/lib/:/usr/lib/]
  ignore line: [COLLECT_GCC_OPTIONS='-v' '-rdynamic' '-o' 'cmTC_b3da4' '-shared-libgcc' '-mtune=generic' '-march=x86-64']
  link line: [ /usr/libexec/gcc/x86_64-pc-linux-gnu/9.2.0/collect2 -plugin /usr/libexec/gcc/x86_64-pc-linux-gnu/9.2.0/liblto_plugin.so -plugin-opt=/usr/libexec/gcc/x86_64-pc-linux-gnu/9.2.0/lto-wrapper -plugin-opt=-fresolution=/tmp/ccRK09ES.res -plugin-opt=-pass-through=-lgcc_s -plugin-opt=-pass-through=-lgcc -plugin-opt=-pass-through=-lc -plugin-opt=-pass-through=-lgcc_s -plugin-opt=-pass-through=-lgcc --eh-frame-hdr -m elf_x86_64 -export-dynamic -dynamic-linker /lib64/ld-linux-x86-64.so.2 -pie -o cmTC_b3da4 /usr/lib/gcc/x86_64-pc-linux-gnu/9.2.0/../../../../lib64/Scrt1.o /usr/lib/gcc/x86_64-pc-linux-gnu/9.2.0/../../../../lib64/crti.o /usr/lib/gcc/x86_64-pc-linux-gnu/9.2.0/crtbeginS.o -L/usr/lib/gcc/x86_64-pc-linux-gnu/9.2.0 -L/usr/lib/gcc/x86_64-pc-linux-gnu/9.2.0/../../../../lib64 -L/lib/../lib64 -L/usr/lib/../lib64 -L/usr/lib/gcc/x86_64-pc-linux-gnu/9.2.0/../../../../x86_64-pc-linux-gnu/lib -L/usr/lib/gcc/x86_64-pc-linux-gnu/9.2.0/../../.. CMakeFiles/cmTC_b3da4.dir/CMakeCXXCompilerABI.cpp.o -lstdc++ -lm -lgcc_s -lgcc -lc -lgcc_s -lgcc /usr/lib/gcc/x86_64-pc-linux-gnu/9.2.0/crtendS.o /usr/lib/gcc/x86_64-pc-linux-gnu/9.2.0/../../../../lib64/crtn.o]
    arg [/usr/libexec/gcc/x86_64-pc-linux-gnu/9.2.0/collect2] ==> ignore
    arg [-plugin] ==> ignore
    arg [/usr/libexec/gcc/x86_64-pc-linux-gnu/9.2.0/liblto_plugin.so] ==> ignore
    arg [-plugin-opt=/usr/libexec/gcc/x86_64-pc-linux-gnu/9.2.0/lto-wrapper] ==> ignore
    arg [-plugin-opt=-fresolution=/tmp/ccRK09ES.res] ==> ignore
    arg [-plugin-opt=-pass-through=-lgcc_s] ==> ignore
    arg [-plugin-opt=-pass-through=-lgcc] ==> ignore
    arg [-plugin-opt=-pass-through=-lc] ==> ignore
    arg [-plugin-opt=-pass-through=-lgcc_s] ==> ignore
    arg [-plugin-opt=-pass-through=-lgcc] ==> ignore
    arg [--eh-frame-hdr] ==> ignore
    arg [-m] ==> ignore
    arg [elf_x86_64] ==> ignore
    arg [-export-dynamic] ==> ignore
    arg [-dynamic-linker] ==> ignore
    arg [/lib64/ld-linux-x86-64.so.2] ==> ignore
    arg [-pie] ==> ignore
    arg [-o] ==> ignore
    arg [cmTC_b3da4] ==> ignore
    arg [/usr/lib/gcc/x86_64-pc-linux-gnu/9.2.0/../../../../lib64/Scrt1.o] ==> ignore
    arg [/usr/lib/gcc/x86_64-pc-linux-gnu/9.2.0/../../../../lib64/crti.o] ==> ignore
    arg [/usr/lib/gcc/x86_64-pc-linux-gnu/9.2.0/crtbeginS.o] ==> ignore
    arg [-L/usr/lib/gcc/x86_64-pc-linux-gnu/9.2.0] ==> dir [/usr/lib/gcc/x86_64-pc-linux-gnu/9.2.0]
    arg [-L/usr/lib/gcc/x86_64-pc-linux-gnu/9.2.0/../../../../lib64] ==> dir [/usr/lib/gcc/x86_64-pc-linux-gnu/9.2.0/../../../../lib64]
    arg [-L/lib/../lib64] ==> dir [/lib/../lib64]
    arg [-L/usr/lib/../lib64] ==> dir [/usr/lib/../lib64]
    arg [-L/usr/lib/gcc/x86_64-pc-linux-gnu/9.2.0/../../../../x86_64-pc-linux-gnu/lib] ==> dir [/usr/lib/gcc/x86_64-pc-linux-gnu/9.2.0/../../../../x86_64-pc-linux-gnu/lib]
    arg [-L/usr/lib/gcc/x86_64-pc-linux-gnu/9.2.0/../../..] ==> dir [/usr/lib/gcc/x86_64-pc-linux-gnu/9.2.0/../../..]
    arg [CMakeFiles/cmTC_b3da4.dir/CMakeCXXCompilerABI.cpp.o] ==> ignore
    arg [-lstdc++] ==> lib [stdc++]
    arg [-lm] ==> lib [m]
    arg [-lgcc_s] ==> lib [gcc_s]
    arg [-lgcc] ==> lib [gcc]
    arg [-lc] ==> lib [c]
    arg [-lgcc_s] ==> lib [gcc_s]
    arg [-lgcc] ==> lib [gcc]
    arg [/usr/lib/gcc/x86_64-pc-linux-gnu/9.2.0/crtendS.o] ==> ignore
    arg [/usr/lib/gcc/x86_64-pc-linux-gnu/9.2.0/../../../../lib64/crtn.o] ==> ignore
  collapse library dir [/usr/lib/gcc/x86_64-pc-linux-gnu/9.2.0] ==> [/usr/lib/gcc/x86_64-pc-linux-gnu/9.2.0]
  collapse library dir [/usr/lib/gcc/x86_64-pc-linux-gnu/9.2.0/../../../../lib64] ==> [/usr/lib64]
  collapse library dir [/lib/../lib64] ==> [/lib64]
  collapse library dir [/usr/lib/../lib64] ==> [/usr/lib64]
  collapse library dir [/usr/lib/gcc/x86_64-pc-linux-gnu/9.2.0/../../../../x86_64-pc-linux-gnu/lib] ==> [/usr/x86_64-pc-linux-gnu/lib]
  collapse library dir [/usr/lib/gcc/x86_64-pc-linux-gnu/9.2.0/../../..] ==> [/usr/lib]
  implicit libs: [stdc++;m;gcc_s;gcc;c;gcc_s;gcc]
  implicit dirs: [/usr/lib/gcc/x86_64-pc-linux-gnu/9.2.0;/usr/lib64;/lib64;/usr/x86_64-pc-linux-gnu/lib;/usr/lib]
  implicit fwks: []


Determining if files dlfcn.h exist passed with the following output:
Change Dir: /home/jharbin/academic/atlas/git/atlas-middleware/custom-moos/build/MOOS/proj-5.2.0/CMakeFiles/CMakeTmp

Run Build Command(s):/usr/bin/gmake cmTC_0bc28/fast && /usr/bin/gmake -f CMakeFiles/cmTC_0bc28.dir/build.make CMakeFiles/cmTC_0bc28.dir/build
gmake[1]: Entering directory '/home/jharbin/academic/atlas/git/atlas-middleware/custom-moos/build/MOOS/proj-5.2.0/CMakeFiles/CMakeTmp'
Building C object CMakeFiles/cmTC_0bc28.dir/HAVE_DLFCN_H.c.o
/usr/bin/cc   -Wall -Wextra -Wswitch -Wshadow -Wunused-parameter -Wmissing-prototypes -Wmissing-declarations -Wformat -Wformat-security  -fPIE   -o CMakeFiles/cmTC_0bc28.dir/HAVE_DLFCN_H.c.o   -c /home/jharbin/academic/atlas/git/atlas-middleware/custom-moos/build/MOOS/proj-5.2.0/CMakeFiles/CheckIncludeFiles/HAVE_DLFCN_H.c
Linking C executable cmTC_0bc28
/usr/bin/cmake -E cmake_link_script CMakeFiles/cmTC_0bc28.dir/link.txt --verbose=1
/usr/bin/cc  -Wall -Wextra -Wswitch -Wshadow -Wunused-parameter -Wmissing-prototypes -Wmissing-declarations -Wformat -Wformat-security     -rdynamic CMakeFiles/cmTC_0bc28.dir/HAVE_DLFCN_H.c.o  -o cmTC_0bc28 
gmake[1]: Leaving directory '/home/jharbin/academic/atlas/git/atlas-middleware/custom-moos/build/MOOS/proj-5.2.0/CMakeFiles/CMakeTmp'



Determining if files inttypes.h exist passed with the following output:
Change Dir: /home/jharbin/academic/atlas/git/atlas-middleware/custom-moos/build/MOOS/proj-5.2.0/CMakeFiles/CMakeTmp

Run Build Command(s):/usr/bin/gmake cmTC_2d544/fast && /usr/bin/gmake -f CMakeFiles/cmTC_2d544.dir/build.make CMakeFiles/cmTC_2d544.dir/build
gmake[1]: Entering directory '/home/jharbin/academic/atlas/git/atlas-middleware/custom-moos/build/MOOS/proj-5.2.0/CMakeFiles/CMakeTmp'
Building C object CMakeFiles/cmTC_2d544.dir/HAVE_INTTYPES_H.c.o
/usr/bin/cc   -Wall -Wextra -Wswitch -Wshadow -Wunused-parameter -Wmissing-prototypes -Wmissing-declarations -Wformat -Wformat-security  -fPIE   -o CMakeFiles/cmTC_2d544.dir/HAVE_INTTYPES_H.c.o   -c /home/jharbin/academic/atlas/git/atlas-middleware/custom-moos/build/MOOS/proj-5.2.0/CMakeFiles/CheckIncludeFiles/HAVE_INTTYPES_H.c
Linking C executable cmTC_2d544
/usr/bin/cmake -E cmake_link_script CMakeFiles/cmTC_2d544.dir/link.txt --verbose=1
/usr/bin/cc  -Wall -Wextra -Wswitch -Wshadow -Wunused-parameter -Wmissing-prototypes -Wmissing-declarations -Wformat -Wformat-security     -rdynamic CMakeFiles/cmTC_2d544.dir/HAVE_INTTYPES_H.c.o  -o cmTC_2d544 
gmake[1]: Leaving directory '/home/jharbin/academic/atlas/git/atlas-middleware/custom-moos/build/MOOS/proj-5.2.0/CMakeFiles/CMakeTmp'



Determining if files memory.h exist passed with the following output:
Change Dir: /home/jharbin/academic/atlas/git/atlas-middleware/custom-moos/build/MOOS/proj-5.2.0/CMakeFiles/CMakeTmp

Run Build Command(s):/usr/bin/gmake cmTC_e3aaa/fast && /usr/bin/gmake -f CMakeFiles/cmTC_e3aaa.dir/build.make CMakeFiles/cmTC_e3aaa.dir/build
gmake[1]: Entering directory '/home/jharbin/academic/atlas/git/atlas-middleware/custom-moos/build/MOOS/proj-5.2.0/CMakeFiles/CMakeTmp'
Building C object CMakeFiles/cmTC_e3aaa.dir/HAVE_MEMORY_H.c.o
/usr/bin/cc   -Wall -Wextra -Wswitch -Wshadow -Wunused-parameter -Wmissing-prototypes -Wmissing-declarations -Wformat -Wformat-security  -fPIE   -o CMakeFiles/cmTC_e3aaa.dir/HAVE_MEMORY_H.c.o   -c /home/jharbin/academic/atlas/git/atlas-middleware/custom-moos/build/MOOS/proj-5.2.0/CMakeFiles/CheckIncludeFiles/HAVE_MEMORY_H.c
Linking C executable cmTC_e3aaa
/usr/bin/cmake -E cmake_link_script CMakeFiles/cmTC_e3aaa.dir/link.txt --verbose=1
/usr/bin/cc  -Wall -Wextra -Wswitch -Wshadow -Wunused-parameter -Wmissing-prototypes -Wmissing-declarations -Wformat -Wformat-security     -rdynamic CMakeFiles/cmTC_e3aaa.dir/HAVE_MEMORY_H.c.o  -o cmTC_e3aaa 
gmake[1]: Leaving directory '/home/jharbin/academic/atlas/git/atlas-middleware/custom-moos/build/MOOS/proj-5.2.0/CMakeFiles/CMakeTmp'



Determining if files stdint.h exist passed with the following output:
Change Dir: /home/jharbin/academic/atlas/git/atlas-middleware/custom-moos/build/MOOS/proj-5.2.0/CMakeFiles/CMakeTmp

Run Build Command(s):/usr/bin/gmake cmTC_819df/fast && /usr/bin/gmake -f CMakeFiles/cmTC_819df.dir/build.make CMakeFiles/cmTC_819df.dir/build
gmake[1]: Entering directory '/home/jharbin/academic/atlas/git/atlas-middleware/custom-moos/build/MOOS/proj-5.2.0/CMakeFiles/CMakeTmp'
Building C object CMakeFiles/cmTC_819df.dir/HAVE_STDINT_H.c.o
/usr/bin/cc   -Wall -Wextra -Wswitch -Wshadow -Wunused-parameter -Wmissing-prototypes -Wmissing-declarations -Wformat -Wformat-security  -fPIE   -o CMakeFiles/cmTC_819df.dir/HAVE_STDINT_H.c.o   -c /home/jharbin/academic/atlas/git/atlas-middleware/custom-moos/build/MOOS/proj-5.2.0/CMakeFiles/CheckIncludeFiles/HAVE_STDINT_H.c
Linking C executable cmTC_819df
/usr/bin/cmake -E cmake_link_script CMakeFiles/cmTC_819df.dir/link.txt --verbose=1
/usr/bin/cc  -Wall -Wextra -Wswitch -Wshadow -Wunused-parameter -Wmissing-prototypes -Wmissing-declarations -Wformat -Wformat-security     -rdynamic CMakeFiles/cmTC_819df.dir/HAVE_STDINT_H.c.o  -o cmTC_819df 
gmake[1]: Leaving directory '/home/jharbin/academic/atlas/git/atlas-middleware/custom-moos/build/MOOS/proj-5.2.0/CMakeFiles/CMakeTmp'



Determining if files stdlib.h exist passed with the following output:
Change Dir: /home/jharbin/academic/atlas/git/atlas-middleware/custom-moos/build/MOOS/proj-5.2.0/CMakeFiles/CMakeTmp

Run Build Command(s):/usr/bin/gmake cmTC_df893/fast && /usr/bin/gmake -f CMakeFiles/cmTC_df893.dir/build.make CMakeFiles/cmTC_df893.dir/build
gmake[1]: Entering directory '/home/jharbin/academic/atlas/git/atlas-middleware/custom-moos/build/MOOS/proj-5.2.0/CMakeFiles/CMakeTmp'
Building C object CMakeFiles/cmTC_df893.dir/HAVE_STDLIB_H.c.o
/usr/bin/cc   -Wall -Wextra -Wswitch -Wshadow -Wunused-parameter -Wmissing-prototypes -Wmissing-declarations -Wformat -Wformat-security  -fPIE   -o CMakeFiles/cmTC_df893.dir/HAVE_STDLIB_H.c.o   -c /home/jharbin/academic/atlas/git/atlas-middleware/custom-moos/build/MOOS/proj-5.2.0/CMakeFiles/CheckIncludeFiles/HAVE_STDLIB_H.c
Linking C executable cmTC_df893
/usr/bin/cmake -E cmake_link_script CMakeFiles/cmTC_df893.dir/link.txt --verbose=1
/usr/bin/cc  -Wall -Wextra -Wswitch -Wshadow -Wunused-parameter -Wmissing-prototypes -Wmissing-declarations -Wformat -Wformat-security     -rdynamic CMakeFiles/cmTC_df893.dir/HAVE_STDLIB_H.c.o  -o cmTC_df893 
gmake[1]: Leaving directory '/home/jharbin/academic/atlas/git/atlas-middleware/custom-moos/build/MOOS/proj-5.2.0/CMakeFiles/CMakeTmp'



Determining if files string.h exist passed with the following output:
Change Dir: /home/jharbin/academic/atlas/git/atlas-middleware/custom-moos/build/MOOS/proj-5.2.0/CMakeFiles/CMakeTmp

Run Build Command(s):/usr/bin/gmake cmTC_03787/fast && /usr/bin/gmake -f CMakeFiles/cmTC_03787.dir/build.make CMakeFiles/cmTC_03787.dir/build
gmake[1]: Entering directory '/home/jharbin/academic/atlas/git/atlas-middleware/custom-moos/build/MOOS/proj-5.2.0/CMakeFiles/CMakeTmp'
Building C object CMakeFiles/cmTC_03787.dir/HAVE_STRING_H.c.o
/usr/bin/cc   -Wall -Wextra -Wswitch -Wshadow -Wunused-parameter -Wmissing-prototypes -Wmissing-declarations -Wformat -Wformat-security  -fPIE   -o CMakeFiles/cmTC_03787.dir/HAVE_STRING_H.c.o   -c /home/jharbin/academic/atlas/git/atlas-middleware/custom-moos/build/MOOS/proj-5.2.0/CMakeFiles/CheckIncludeFiles/HAVE_STRING_H.c
Linking C executable cmTC_03787
/usr/bin/cmake -E cmake_link_script CMakeFiles/cmTC_03787.dir/link.txt --verbose=1
/usr/bin/cc  -Wall -Wextra -Wswitch -Wshadow -Wunused-parameter -Wmissing-prototypes -Wmissing-declarations -Wformat -Wformat-security     -rdynamic CMakeFiles/cmTC_03787.dir/HAVE_STRING_H.c.o  -o cmTC_03787 
gmake[1]: Leaving directory '/home/jharbin/academic/atlas/git/atlas-middleware/custom-moos/build/MOOS/proj-5.2.0/CMakeFiles/CMakeTmp'



Determining if files sys/stat.h exist passed with the following output:
Change Dir: /home/jharbin/academic/atlas/git/atlas-middleware/custom-moos/build/MOOS/proj-5.2.0/CMakeFiles/CMakeTmp

Run Build Command(s):/usr/bin/gmake cmTC_e0c74/fast && /usr/bin/gmake -f CMakeFiles/cmTC_e0c74.dir/build.make CMakeFiles/cmTC_e0c74.dir/build
gmake[1]: Entering directory '/home/jharbin/academic/atlas/git/atlas-middleware/custom-moos/build/MOOS/proj-5.2.0/CMakeFiles/CMakeTmp'
Building C object CMakeFiles/cmTC_e0c74.dir/HAVE_SYS_STAT_H.c.o
/usr/bin/cc   -Wall -Wextra -Wswitch -Wshadow -Wunused-parameter -Wmissing-prototypes -Wmissing-declarations -Wformat -Wformat-security  -fPIE   -o CMakeFiles/cmTC_e0c74.dir/HAVE_SYS_STAT_H.c.o   -c /home/jharbin/academic/atlas/git/atlas-middleware/custom-moos/build/MOOS/proj-5.2.0/CMakeFiles/CheckIncludeFiles/HAVE_SYS_STAT_H.c
Linking C executable cmTC_e0c74
/usr/bin/cmake -E cmake_link_script CMakeFiles/cmTC_e0c74.dir/link.txt --verbose=1
/usr/bin/cc  -Wall -Wextra -Wswitch -Wshadow -Wunused-parameter -Wmissing-prototypes -Wmissing-declarations -Wformat -Wformat-security     -rdynamic CMakeFiles/cmTC_e0c74.dir/HAVE_SYS_STAT_H.c.o  -o cmTC_e0c74 
gmake[1]: Leaving directory '/home/jharbin/academic/atlas/git/atlas-middleware/custom-moos/build/MOOS/proj-5.2.0/CMakeFiles/CMakeTmp'



Determining if files sys/types.h exist passed with the following output:
Change Dir: /home/jharbin/academic/atlas/git/atlas-middleware/custom-moos/build/MOOS/proj-5.2.0/CMakeFiles/CMakeTmp

Run Build Command(s):/usr/bin/gmake cmTC_afc02/fast && /usr/bin/gmake -f CMakeFiles/cmTC_afc02.dir/build.make CMakeFiles/cmTC_afc02.dir/build
gmake[1]: Entering directory '/home/jharbin/academic/atlas/git/atlas-middleware/custom-moos/build/MOOS/proj-5.2.0/CMakeFiles/CMakeTmp'
Building C object CMakeFiles/cmTC_afc02.dir/HAVE_SYS_TYPES_H.c.o
/usr/bin/cc   -Wall -Wextra -Wswitch -Wshadow -Wunused-parameter -Wmissing-prototypes -Wmissing-declarations -Wformat -Wformat-security  -fPIE   -o CMakeFiles/cmTC_afc02.dir/HAVE_SYS_TYPES_H.c.o   -c /home/jharbin/academic/atlas/git/atlas-middleware/custom-moos/build/MOOS/proj-5.2.0/CMakeFiles/CheckIncludeFiles/HAVE_SYS_TYPES_H.c
Linking C executable cmTC_afc02
/usr/bin/cmake -E cmake_link_script CMakeFiles/cmTC_afc02.dir/link.txt --verbose=1
/usr/bin/cc  -Wall -Wextra -Wswitch -Wshadow -Wunused-parameter -Wmissing-prototypes -Wmissing-declarations -Wformat -Wformat-security     -rdynamic CMakeFiles/cmTC_afc02.dir/HAVE_SYS_TYPES_H.c.o  -o cmTC_afc02 
gmake[1]: Leaving directory '/home/jharbin/academic/atlas/git/atlas-middleware/custom-moos/build/MOOS/proj-5.2.0/CMakeFiles/CMakeTmp'



Determining if files unistd.h exist passed with the following output:
Change Dir: /home/jharbin/academic/atlas/git/atlas-middleware/custom-moos/build/MOOS/proj-5.2.0/CMakeFiles/CMakeTmp

Run Build Command(s):/usr/bin/gmake cmTC_58b4a/fast && /usr/bin/gmake -f CMakeFiles/cmTC_58b4a.dir/build.make CMakeFiles/cmTC_58b4a.dir/build
gmake[1]: Entering directory '/home/jharbin/academic/atlas/git/atlas-middleware/custom-moos/build/MOOS/proj-5.2.0/CMakeFiles/CMakeTmp'
Building C object CMakeFiles/cmTC_58b4a.dir/HAVE_UNISTD_H.c.o
/usr/bin/cc   -Wall -Wextra -Wswitch -Wshadow -Wunused-parameter -Wmissing-prototypes -Wmissing-declarations -Wformat -Wformat-security  -fPIE   -o CMakeFiles/cmTC_58b4a.dir/HAVE_UNISTD_H.c.o   -c /home/jharbin/academic/atlas/git/atlas-middleware/custom-moos/build/MOOS/proj-5.2.0/CMakeFiles/CheckIncludeFiles/HAVE_UNISTD_H.c
Linking C executable cmTC_58b4a
/usr/bin/cmake -E cmake_link_script CMakeFiles/cmTC_58b4a.dir/link.txt --verbose=1
/usr/bin/cc  -Wall -Wextra -Wswitch -Wshadow -Wunused-parameter -Wmissing-prototypes -Wmissing-declarations -Wformat -Wformat-security     -rdynamic CMakeFiles/cmTC_58b4a.dir/HAVE_UNISTD_H.c.o  -o cmTC_58b4a 
gmake[1]: Leaving directory '/home/jharbin/academic/atlas/git/atlas-middleware/custom-moos/build/MOOS/proj-5.2.0/CMakeFiles/CMakeTmp'



Determining if files stdlib.h;stdarg.h;string.h;float.h exist passed with the following output:
Change Dir: /home/jharbin/academic/atlas/git/atlas-middleware/custom-moos/build/MOOS/proj-5.2.0/CMakeFiles/CMakeTmp

Run Build Command(s):/usr/bin/gmake cmTC_0fc44/fast && /usr/bin/gmake -f CMakeFiles/cmTC_0fc44.dir/build.make CMakeFiles/cmTC_0fc44.dir/build
gmake[1]: Entering directory '/home/jharbin/academic/atlas/git/atlas-middleware/custom-moos/build/MOOS/proj-5.2.0/CMakeFiles/CMakeTmp'
Building C object CMakeFiles/cmTC_0fc44.dir/STDC_HEADERS.c.o
/usr/bin/cc   -Wall -Wextra -Wswitch -Wshadow -Wunused-parameter -Wmissing-prototypes -Wmissing-declarations -Wformat -Wformat-security  -fPIE   -o CMakeFiles/cmTC_0fc44.dir/STDC_HEADERS.c.o   -c /home/jharbin/academic/atlas/git/atlas-middleware/custom-moos/build/MOOS/proj-5.2.0/CMakeFiles/CheckIncludeFiles/STDC_HEADERS.c
Linking C executable cmTC_0fc44
/usr/bin/cmake -E cmake_link_script CMakeFiles/cmTC_0fc44.dir/link.txt --verbose=1
/usr/bin/cc  -Wall -Wextra -Wswitch -Wshadow -Wunused-parameter -Wmissing-prototypes -Wmissing-declarations -Wformat -Wformat-security     -rdynamic CMakeFiles/cmTC_0fc44.dir/STDC_HEADERS.c.o  -o cmTC_0fc44 
gmake[1]: Leaving directory '/home/jharbin/academic/atlas/git/atlas-middleware/custom-moos/build/MOOS/proj-5.2.0/CMakeFiles/CMakeTmp'



Determining if the function localeconv exists passed with the following output:
Change Dir: /home/jharbin/academic/atlas/git/atlas-middleware/custom-moos/build/MOOS/proj-5.2.0/CMakeFiles/CMakeTmp

Run Build Command(s):/usr/bin/gmake cmTC_7c191/fast && /usr/bin/gmake -f CMakeFiles/cmTC_7c191.dir/build.make CMakeFiles/cmTC_7c191.dir/build
gmake[1]: Entering directory '/home/jharbin/academic/atlas/git/atlas-middleware/custom-moos/build/MOOS/proj-5.2.0/CMakeFiles/CMakeTmp'
Building C object CMakeFiles/cmTC_7c191.dir/CheckFunctionExists.c.o
/usr/bin/cc   -Wall -Wextra -Wswitch -Wshadow -Wunused-parameter -Wmissing-prototypes -Wmissing-declarations -Wformat -Wformat-security -DCHECK_FUNCTION_EXISTS=localeconv -fPIE   -o CMakeFiles/cmTC_7c191.dir/CheckFunctionExists.c.o   -c /usr/share/cmake/Modules/CheckFunctionExists.c
Linking C executable cmTC_7c191
/usr/bin/cmake -E cmake_link_script CMakeFiles/cmTC_7c191.dir/link.txt --verbose=1
/usr/bin/cc  -Wall -Wextra -Wswitch -Wshadow -Wunused-parameter -Wmissing-prototypes -Wmissing-declarations -Wformat -Wformat-security -DCHECK_FUNCTION_EXISTS=localeconv    -rdynamic CMakeFiles/cmTC_7c191.dir/CheckFunctionExists.c.o  -o cmTC_7c191 
gmake[1]: Leaving directory '/home/jharbin/academic/atlas/git/atlas-middleware/custom-moos/build/MOOS/proj-5.2.0/CMakeFiles/CMakeTmp'



Determining if the function ceil exists in the m passed with the following output:
Change Dir: /home/jharbin/academic/atlas/git/atlas-middleware/custom-moos/build/MOOS/proj-5.2.0/CMakeFiles/CMakeTmp

Run Build Command(s):/usr/bin/gmake cmTC_ec6db/fast && /usr/bin/gmake -f CMakeFiles/cmTC_ec6db.dir/build.make CMakeFiles/cmTC_ec6db.dir/build
gmake[1]: Entering directory '/home/jharbin/academic/atlas/git/atlas-middleware/custom-moos/build/MOOS/proj-5.2.0/CMakeFiles/CMakeTmp'
Building C object CMakeFiles/cmTC_ec6db.dir/CheckFunctionExists.c.o
/usr/bin/cc   -Wall -Wextra -Wswitch -Wshadow -Wunused-parameter -Wmissing-prototypes -Wmissing-declarations -Wformat -Wformat-security -DCHECK_FUNCTION_EXISTS=ceil -fPIE   -o CMakeFiles/cmTC_ec6db.dir/CheckFunctionExists.c.o   -c /usr/share/cmake/Modules/CheckFunctionExists.c
<command-line>: warning: conflicting types for built-in function ceil; expected double(double) [-Wbuiltin-declaration-mismatch]
/usr/share/cmake/Modules/CheckFunctionExists.c:7:3: note: in expansion of macro CHECK_FUNCTION_EXISTS
    7 |   CHECK_FUNCTION_EXISTS(void);
      |   ^~~~~~~~~~~~~~~~~~~~~
/usr/share/cmake/Modules/CheckFunctionExists.c:1:1: note: ceil is declared in header <math.h>
  +++ |+#include <math.h>
    1 | #ifdef CHECK_FUNCTION_EXISTS
Linking C executable cmTC_ec6db
/usr/bin/cmake -E cmake_link_script CMakeFiles/cmTC_ec6db.dir/link.txt --verbose=1
/usr/bin/cc  -Wall -Wextra -Wswitch -Wshadow -Wunused-parameter -Wmissing-prototypes -Wmissing-declarations -Wformat -Wformat-security -DCHECK_FUNCTION_EXISTS=ceil    -rdynamic CMakeFiles/cmTC_ec6db.dir/CheckFunctionExists.c.o  -o cmTC_ec6db  -lm 
gmake[1]: Leaving directory '/home/jharbin/academic/atlas/git/atlas-middleware/custom-moos/build/MOOS/proj-5.2.0/CMakeFiles/CMakeTmp'



Determining if the include file pthread.h exists passed with the following output:
Change Dir: /home/jharbin/academic/atlas/git/atlas-middleware/custom-moos/build/MOOS/proj-5.2.0/CMakeFiles/CMakeTmp

Run Build Command(s):/usr/bin/gmake cmTC_56cb0/fast && /usr/bin/gmake -f CMakeFiles/cmTC_56cb0.dir/build.make CMakeFiles/cmTC_56cb0.dir/build
gmake[1]: Entering directory '/home/jharbin/academic/atlas/git/atlas-middleware/custom-moos/build/MOOS/proj-5.2.0/CMakeFiles/CMakeTmp'
Building C object CMakeFiles/cmTC_56cb0.dir/CheckIncludeFile.c.o
/usr/bin/cc   -Wall -Wextra -Wswitch -Wshadow -Wunused-parameter -Wmissing-prototypes -Wmissing-declarations -Wformat -Wformat-security  -fPIE   -o CMakeFiles/cmTC_56cb0.dir/CheckIncludeFile.c.o   -c /home/jharbin/academic/atlas/git/atlas-middleware/custom-moos/build/MOOS/proj-5.2.0/CMakeFiles/CMakeTmp/CheckIncludeFile.c
Linking C executable cmTC_56cb0
/usr/bin/cmake -E cmake_link_script CMakeFiles/cmTC_56cb0.dir/link.txt --verbose=1
/usr/bin/cc  -Wall -Wextra -Wswitch -Wshadow -Wunused-parameter -Wmissing-prototypes -Wmissing-declarations -Wformat -Wformat-security     -rdynamic CMakeFiles/cmTC_56cb0.dir/CheckIncludeFile.c.o  -o cmTC_56cb0 
gmake[1]: Leaving directory '/home/jharbin/academic/atlas/git/atlas-middleware/custom-moos/build/MOOS/proj-5.2.0/CMakeFiles/CMakeTmp'



Determining if the function pthread_create exists in the pthread passed with the following output:
Change Dir: /home/jharbin/academic/atlas/git/atlas-middleware/custom-moos/build/MOOS/proj-5.2.0/CMakeFiles/CMakeTmp

Run Build Command(s):/usr/bin/gmake cmTC_a6558/fast && /usr/bin/gmake -f CMakeFiles/cmTC_a6558.dir/build.make CMakeFiles/cmTC_a6558.dir/build
gmake[1]: Entering directory '/home/jharbin/academic/atlas/git/atlas-middleware/custom-moos/build/MOOS/proj-5.2.0/CMakeFiles/CMakeTmp'
Building C object CMakeFiles/cmTC_a6558.dir/CheckFunctionExists.c.o
/usr/bin/cc   -Wall -Wextra -Wswitch -Wshadow -Wunused-parameter -Wmissing-prototypes -Wmissing-declarations -Wformat -Wformat-security -DCHECK_FUNCTION_EXISTS=pthread_create -fPIE   -o CMakeFiles/cmTC_a6558.dir/CheckFunctionExists.c.o   -c /usr/share/cmake/Modules/CheckFunctionExists.c
Linking C executable cmTC_a6558
/usr/bin/cmake -E cmake_link_script CMakeFiles/cmTC_a6558.dir/link.txt --verbose=1
/usr/bin/cc  -Wall -Wextra -Wswitch -Wshadow -Wunused-parameter -Wmissing-prototypes -Wmissing-declarations -Wformat -Wformat-security -DCHECK_FUNCTION_EXISTS=pthread_create    -rdynamic CMakeFiles/cmTC_a6558.dir/CheckFunctionExists.c.o  -o cmTC_a6558  -lpthread 
gmake[1]: Leaving directory '/home/jharbin/academic/atlas/git/atlas-middleware/custom-moos/build/MOOS/proj-5.2.0/CMakeFiles/CMakeTmp'



Performing C SOURCE FILE Test C99_MATH succeeded with the following output:
Change Dir: /home/jharbin/academic/atlas/git/atlas-middleware/custom-moos/build/MOOS/proj-5.2.0/CMakeFiles/CMakeTmp

Run Build Command(s):/usr/bin/gmake cmTC_cd00f/fast && /usr/bin/gmake -f CMakeFiles/cmTC_cd00f.dir/build.make CMakeFiles/cmTC_cd00f.dir/build
gmake[1]: Entering directory '/home/jharbin/academic/atlas/git/atlas-middleware/custom-moos/build/MOOS/proj-5.2.0/CMakeFiles/CMakeTmp'
Building C object CMakeFiles/cmTC_cd00f.dir/src.c.o
/usr/bin/cc   -Wall -Wextra -Wswitch -Wshadow -Wunused-parameter -Wmissing-prototypes -Wmissing-declarations -Wformat -Wformat-security -DC99_MATH  -Wall -Wextra -Wswitch -Wshadow -Wunused-parameter -Wmissing-prototypes -Wmissing-declarations -Wformat -Wformat-security -Werror -fPIE   -o CMakeFiles/cmTC_cd00f.dir/src.c.o   -c /home/jharbin/academic/atlas/git/atlas-middleware/custom-moos/build/MOOS/proj-5.2.0/CMakeFiles/CMakeTmp/src.c
Linking C executable cmTC_cd00f
/usr/bin/cmake -E cmake_link_script CMakeFiles/cmTC_cd00f.dir/link.txt --verbose=1
/usr/bin/cc  -Wall -Wextra -Wswitch -Wshadow -Wunused-parameter -Wmissing-prototypes -Wmissing-declarations -Wformat -Wformat-security -DC99_MATH  -Wall -Wextra -Wswitch -Wshadow -Wunused-parameter -Wmissing-prototypes -Wmissing-declarations -Wformat -Wformat-security -Werror    -rdynamic CMakeFiles/cmTC_cd00f.dir/src.c.o  -o cmTC_cd00f  -lm 
gmake[1]: Leaving directory '/home/jharbin/academic/atlas/git/atlas-middleware/custom-moos/build/MOOS/proj-5.2.0/CMakeFiles/CMakeTmp'


Source file was:
#include <math.h>
int main() {
  int q;
  return (int)(hypot(3.0, 4.0) + atanh(0.8) + cbrt(8.0) +
               remquo(100.0, 90.0, &q) +
               remainder(100.0, 90.0) + copysign(1.0, -0.0) +
               log1p(0.1) + asinh(0.1)) +
               isnan(0.0);
}

