0,0,0.9548169024903609,0,0.9548169024903609,2342.722171834463,487.977453104102,487.977453104102
0,1,0.9827911354996217,0,0.9827911354996217,2641.859404572942,186.5539208061781,185.8557366040852
0,2,1.0,0,1.0,2973.0361884922713,0.0,0.0
0,3,0.9417772217305442,0,0.9417772217305442,2232.0713503116053,841.5749001764348,628.8060053101226
0,4,1.908085988499737,1,0.9080859884997369,4072.8254240640535,1362.046055262757,992.6713242028414
0,5,0.9716897963048065,0,0.9716897963048065,2931.9278135455115,305.7501999080905,305.7501999080905
0,6,0.960704858654154,0,0.960704858654154,2466.882787439701,700.3288726299244,424.3875265351372
0,7,0.9342876056403467,0,0.9342876056403467,2031.7983769117438,719.1933608330324,709.6938590842553
1,0,2.908085988499737,2,0.9080859884997369,4072.8254240640535,1362.046055262757,992.6713242028414
1,1,2.766637945824419,2,0.766637945824419,3211.8459460963472,3211.8459460963472,2520.310185096274
1,2,1.7471831460247973,1,0.7471831460247973,4032.731756530724,3421.957783932263,2730.42202293219
1,3,4.7576849846071925,4,0.7576849846071925,3284.6041572293143,3284.6041572293143,2617.0021662423214
1,4,2.828997656851771,2,0.8289976568517708,2872.9347686937786,2235.648148756716,1846.8253060008751
1,5,3.7377530881643057,3,0.737753088164306,4072.8254240640535,3523.802408825569,2832.266647825496
1,6,2.84532118527436,2,0.8453211852743602,3965.042369153598,1689.9793107328358,1670.5311990369103
1,7,1.0,0,1.0,2973.0361884922713,0.0,0.0
1,8,0.9827911354996217,0,0.9827911354996217,2641.859404572942,186.5539208061781,185.8557366040852
2,0,5.7576849846071925,5,0.7576849846071925,3284.6041572293143,3284.6041572293143,2617.0021662423214
2,1,3.8611671363929827,3,0.8611671363929828,3314.7824293759973,2144.3175829331867,1499.3949269557854
2,2,4.803359652091911,4,0.8033596520919103,2947.992621467156,2469.1567184542046,2123.715757407369
2,3,4.772641665799883,4,0.7726416657998827,2923.789074399341,2923.789074399341,2455.4700093612664
2,4,3.8238783570413792,3,0.8238783570413794,2491.25766020139,2491.25766020139,1902.1137439531026
2,5,4.807069358934527,4,0.8070693589345266,2734.7669832759734,2429.091884553948,2083.6509235071126
2,6,4.841054636717011,4,0.841054636717011,3114.561829995402,2121.236262741859,1716.6099234562814
2,7,3.7377530881643057,3,0.737753088164306,4072.8254240640535,3523.802408825569,2832.266647825496
2,8,1.908085988499737,1,0.9080859884997369,4072.8254240640535,1362.046055262757,992.6713242028414
3,0,5.7576849846071925,5,0.7576849846071925,3284.6041572293143,3284.6041572293143,2617.0021662423214
3,1,3.7825206108565235,3,0.7825206108565232,3611.6629593619896,3062.639944123505,2348.7774027495493
3,2,3.793714469162816,3,0.7937144691628162,2975.464063057388,2813.020414683159,2227.8837330415854
3,3,4.808520448981126,4,0.8085204489811262,3284.6041572293148,2735.58114199083,2067.979151003837
3,4,3.882230409738116,3,0.8822304097381164,3085.678380199771,1893.0649701997888,1271.9115748283427
3,5,3.751301918190731,3,0.7513019181907312,3566.700650947629,3090.56562282568,2685.9392835401027
3,6,4.808520448981126,4,0.8085204489811262,2800.2809571548755,2735.5811419908296,2067.9791510038367
3,7,4.841054636717011,4,0.841054636717011,3114.561829995402,2121.236262741859,1716.6099234562814
3,8,3.807069358934527,3,0.8070693589345266,2734.7669832759734,2429.091884553948,2083.6509235071126
4,0,5.7576849846071925,5,0.7576849846071925,3284.6041572293143,3284.6041572293143,2617.0021662423214
4,1,6.675088175854267,6,0.6750881758542672,4413.675549926179,4413.675549926179,3509.0477007739146
4,2,4.8298862724435345,4,0.8298862724435345,2839.4039502896503,2202.117330352588,1837.2282576098269
4,3,3.7316851464825893,3,0.7316851464825894,3611.662959361989,3611.662959361989,2897.800417988034
4,4,5.812796200264992,5,0.8127962002649919,3227.9234885955498,2606.9377187796613,2021.8010371380878
4,5,5.833721744462492,5,0.8337217444624918,2177.6188411226285,2160.6942325478494,1795.8051598050886
4,6,4.796019263421405,4,0.7960192634214047,2976.3810024121376,2461.2114379118343,2202.991955048829
4,7,2.841054636717011,2,0.841054636717011,3114.561829995402,2121.236262741859,1716.6099234562814
4,8,4.808520448981126,4,0.8085204489811262,2800.2809571548755,2735.5811419908296,2067.9791510038367
5,0,4.675088175854267,4,0.6750881758542672,4413.675549926179,4413.675549926179,3509.0477007739146
5,1,4.836279035250299,4,0.836279035250299,4041.872773057827,2578.98845775968,1768.1864192967703
5,2,3.721436191084118,3,0.7214361910841183,4283.10746397145,3830.6516760983673,3008.4891362915228
5,3,3.7625192124332756,3,0.7625192124332758,4099.415466025479,2741.0836257553947,2564.792505720621
5,4,6.772646362438678,6,0.772646362438678,4413.675549926179,3266.221324125187,2455.419285662277
5,5,3.768186232135834,3,0.7681862321358344,3199.9101901025874,2945.675211548321,2503.588692932988
5,6,5.678016780725632,5,0.6780167807256319,4382.04661731544,4382.04661731544,3477.4187681631756
5,7,4.833721744462492,4,0.8337217444624918,2177.6188411226285,2160.6942325478494,1795.8051598050886
5,8,5.812796200264992,5,0.8127962002649919,3227.9234885955498,2606.9377187796613,2021.8010371380878
6,0,4.772646362438678,4,0.772646362438678,4413.675549926179,3266.221324125187,2455.419285662277
6,1,0.8479012575475602,0,0.8479012575475602,3876.740494453528,2150.7555387050284,1642.6664184863503
6,2,4.710549228285151,4,0.7105492282851515,3947.6343578494275,3643.0551375482114,3126.0683345203624
6,3,4.777328575772686,4,0.7773285757726859,3467.185436791346,3347.4619955560997,2404.8513816549926
6,4,6.775105160856617,6,0.7751051608566166,4363.094285740079,3215.640059939087,2428.8642627485406
6,5,5.687368298944145,5,0.6873682989441454,4450.865113444693,4319.032985304337,3376.42237140323
6,6,2.9023488861482067,2,0.9023488861482067,4649.943100480258,1562.7211498180454,1054.6320295993678
6,7,3.8127962002649918,3,0.8127962002649919,3227.9234885955498,2606.9377187796613,2021.8010371380878
6,8,4.7576849846071925,4,0.7576849846071925,3284.6041572293143,3284.6041572293143,2617.0021662423214
7,0,6.775105160856617,6,0.7751051608566166,4363.094285740079,3215.640059939087,2428.8642627485406
7,1,5.731899361308069,5,0.7318993613080693,4367.449492365828,3814.071270501595,2895.486897872851
7,2,4.695813570984355,4,0.6958135709843551,4198.7522143928445,4198.7522143928445,3285.2134333689637
7,3,2.7187185921366,2,0.7187185921366002,4459.663080698265,3942.47254156667,3037.8392049247177
7,4,4.682348113097744,4,0.6823481130977438,4347.23982449744,4347.23982449744,3430.640378544367
7,5,4.707651072539688,4,0.7076510725396881,4515.591955326664,3650.3289783268556,3157.3684165713694
7,6,4.655064058809533,4,0.6550640588095327,4690.1530878727535,4690.1530878727535,3725.3081648570474
7,7,4.687368298944145,4,0.6873682989441454,4450.865113444693,4319.032985304337,3376.42237140323
7,8,5.678016780725632,5,0.6780167807256319,4382.04661731544,4382.04661731544,3477.4187681631756
8,0,4.775105160856617,4,0.7751051608566166,4363.094285740079,3215.640059939087,2428.8642627485406
8,1,5.679451711576491,5,0.6794517115764912,4380.505887602639,4380.505887602639,3461.921514973895
8,2,5.727693872226908,5,0.7276938722269075,3528.4714399948716,3433.8667417048855,2940.9061799493993
8,3,6.684747714881449,6,0.684747714881449,4417.951616530935,4323.309051909094,3404.7246792803503
8,4,5.682096732713898,5,0.6820967327138979,4338.178148087375,4338.178148087375,3433.3552866899026
8,5,5.719707544484997,5,0.7197075444849967,3945.7428921907785,3945.7428921907785,3027.158519562035
8,6,4.76995626935259,4,0.76995626935259,4031.3918049889508,3271.248088182575,2484.472290992028
8,7,4.731899361308069,4,0.7318993613080693,4367.449492365828,3814.071270501595,2895.486897872851
8,8,4.678016780725632,4,0.6780167807256319,4382.04661731544,4382.04661731544,3477.4187681631756
9,0,4.684747714881449,4,0.684747714881449,4417.951616530935,4323.309051909094,3404.7246792803503
9,1,3.7325662187406126,3,0.7325662187406123,4324.059749361725,3806.86921023013,2888.2848376013862
9,2,4.729453608680715,4,0.7294536086807148,3914.984981519092,3758.020089531603,2921.901026248279
9,3,4.731260591487518,4,0.7312605914875185,4185.373640512942,3542.283307591675,2902.3856119347993
9,4,4.741099817902434,4,0.7410998179024337,3785.642143802941,3169.6364382314205,2796.1219666537163
9,5,4.75031906105261,4,0.7503190610526106,3853.642375420275,3336.451836288681,2696.5541406318052
9,6,3.8031500823318005,3,0.8031500823318006,2856.0011400728,2269.2957843218373,2125.979110816553
9,7,4.727693872226908,4,0.7276938722269075,3528.4714399948716,3433.8667417048855,2940.9061799493993
9,8,6.719707544484997,6,0.7197075444849967,3945.7428921907785,3945.7428921907785,3027.158519562035
10,0,5.719707544484997,5,0.7197075444849967,3945.7428921907785,3945.7428921907785,3027.158519562035
10,1,0.9179137475123803,0,0.9179137475123803,2818.42970761861,1590.8420147114198,886.531526866293
10,2,4.797999689483802,4,0.7979996894838024,3443.7062240474497,2592.0986059849997,2181.6033535749343
10,3,4.731914223016512,4,0.7319142230165112,3813.910764050423,3813.910764050423,2895.3263914216795
10,4,3.807896100399998,3,0.807896100399998,4520.933715970795,2632.1545019914765,2074.7221156800215
10,5,3.7255084317131244,3,0.7255084317131246,3883.0933101269984,3883.0933101269984,2964.5089374982545
10,6,5.734698473522607,5,0.734698473522607,3915.672986724944,3783.8408585845887,2865.2564859558443
10,7,5.682096732713898,5,0.6820967327138979,4338.178148087375,4338.178148087375,3433.3552866899026
10,8,4.679451711576491,4,0.6794517115764912,4380.505887602639,4380.505887602639,3461.921514973895
11,0,6.734698473522607,6,0.734698473522607,3915.672986724944,3783.8408585845887,2865.2564859558443
11,1,3.7887570600232765,3,0.7887570600232763,3145.052574346976,2495.6976365322334,2281.4237517486167
11,2,2.7834361878179936,2,0.7834361878179937,3372.296221294208,3193.2892631477766,2338.8891715656673
11,3,3.7714795911735366,3,0.7714795911735365,4232.159953941651,2878.5156677358723,2468.020415325806
11,4,2.8541178737154764,2,0.8541178737154764,3332.649112897132,2279.837451717982,1575.526963872855
11,5,2.783245864471504,2,0.7832458644715041,4000.598491653683,2555.2185484913716,2340.944663707755
11,6,2.8215872087113603,2,0.82158720871136,2803.6986069241543,2656.7667582604536,1926.8581459173115
11,7,5.719707544484997,5,0.7197075444849967,3945.7428921907785,3945.7428921907785,3027.158519562035
11,8,5.682096732713898,5,0.6820967327138979,4338.178148087375,4338.178148087375,3433.3552866899026
12,0,6.734698473522607,6,0.734698473522607,3915.672986724944,3783.8408585845887,2865.2564859558443
12,1,5.723321853408918,5,0.7233218534089184,3915.672986724944,3906.708355812425,2988.123983183681
12,2,6.6850411666020415,6,0.6850411666020415,4086.505510108602,4086.505510108602,3401.555400697952
12,3,3.730433470295913,3,0.7304334702959131,3829.902893432882,3829.902893432882,2911.3185208041386
12,4,4.769490853557758,4,0.7694908535577577,3417.047785117479,3408.08315420496,2489.4987815762165
12,5,4.771654066952684,4,0.7716540669526845,3824.5712564592004,3106.033772567883,2466.136076911008
12,6,1.8769603954736358,1,0.8769603954736358,1776.0320150511154,1776.0320150511154,1328.8277288847332
12,7,4.719707544484997,4,0.7197075444849967,3945.7428921907785,3945.7428921907785,3027.158519562035
12,8,4.682096732713898,4,0.6820967327138979,4338.178148087375,4338.178148087375,3433.3552866899026
13,0,4.734698473522607,4,0.734698473522607,3915.672986724944,3783.8408585845887,2865.2564859558443
13,1,5.7397135673968185,5,0.7397135673968186,3915.6729867249437,3915.6729867249437,2811.0934721143594
13,2,4.7219420324764885,4,0.7219420324764884,3921.6104218826695,3921.6104218826695,3003.0260492539255
13,3,6.7470458371284225,6,0.7470458371284225,3578.7245676685543,3578.7245676685543,2731.9049590130358
13,4,3.851619404363832,3,0.851619404363832,4242.731788857618,2013.0056852806802,1602.5104328706143
13,5,2.7688398102209435,2,0.7688398102209437,3915.6729867249433,3332.649112897132,2496.530049613808
13,6,4.7823872632206275,4,0.7823872632206275,3915.6729867249437,2843.1781189727085,2350.2175572172227
13,7,4.6850411666020415,4,0.6850411666020415,4086.505510108602,4086.505510108602,3401.555400697952
13,8,4.723321853408918,4,0.7233218534089184,3915.672986724944,3906.708355812425,2988.123983183681
14,0,5.7470458371284225,5,0.7470458371284225,3578.7245676685543,3578.7245676685543,2731.9049590130358
14,1,4.762790497057488,4,0.7627904970574886,3578.7245676685543,3408.6822404346412,2561.8626317791236
14,2,5.707190677557167,5,0.7071906775571664,4009.1602910381207,4009.1602910381207,3162.3406823826026
14,3,4.784790854125505,4,0.784790854125505,3578.7245676685548,2745.4545732268066,2324.2587754445462
14,4,4.7652473394238255,4,0.7652473394238253,3552.1906701121175,3382.148342878205,2535.3287342226863
14,5,6.747875895546248,6,0.7478758955462484,3620.980374616441,3569.7599367560356,2722.940328100517
14,6,0.8506954972717812,0,0.8506954972717812,3773.951241660874,2098.156251802993,1612.488629464763
14,7,3.7397135673968185,3,0.7397135673968186,3915.6729867249437,3915.6729867249437,2811.0934721143594
14,8,4.836279035250299,4,0.836279035250299,4041.872773057827,2578.98845775968,1768.1864192967703
15,0,4.747875895546248,4,0.7478758955462484,3620.980374616441,3569.7599367560356,2722.940328100517
15,1,5.7819806587169245,5,0.7819806587169247,3620.980374616441,3141.384683047759,2354.608885857213
15,2,1.747633020737958,1,0.7476330207379581,3572.3829846855715,3572.3829846855715,2725.563376030052
15,3,5.7563009031276735,5,0.7563009031276737,3620.980374616441,3620.980374616441,2631.9502462211235
15,4,6.7540438978748245,6,0.7540438978748241,3525.9380997684275,3503.1455116074185,2656.3259029519
15,5,4.747875895546248,4,0.7478758955462484,3620.9803746164407,3569.759936756035,2722.940328100517
15,6,4.753835277260081,4,0.7538352772600811,3726.6613793409615,3505.398614246642,2658.579005591124
15,7,6.7470458371284225,6,0.7470458371284225,3578.7245676685543,3578.7245676685543,2731.9049590130358
15,8,6.707190677557167,6,0.7071906775571664,4009.1602910381207,4009.1602910381207,3162.3406823826026
16,0,4.7540438978748245,4,0.7540438978748241,3525.9380997684275,3503.1455116074185,2656.3259029519
16,1,2.751933473045101,2,0.751933473045101,3525.938099768427,3525.938099768427,2679.118491112909
16,2,1.8461260338867234,1,0.8461260338867234,2816.6771214579994,2229.971765707037,1661.8388340233873
16,3,2.8209928400833655,2,0.8209928400833655,2763.887882109597,2510.7462501731998,1933.2773270996527
16,4,4.753057717750016,4,0.7530577177500155,3513.796256955351,3513.796256955351,2666.9766482998325
16,5,5.72291487565308,5,0.7229148756530803,4176.672181818823,4176.672181818823,2992.5193429467317
16,6,2.8268017363100535,2,0.8268017363100534,3525.9380997684266,2356.2088701896537,1870.5412478514236
16,7,2.7470458371284225,2,0.7470458371284225,3578.7245676685543,3578.7245676685543,2731.9049590130358
16,8,6.707190677557167,6,0.7071906775571664,4009.1602910381207,4009.1602910381207,3162.3406823826026
17,0,5.707190677557167,5,0.7071906775571664,4009.1602910381207,4009.1602910381207,3162.3406823826026
17,1,6.739134807326121,6,0.739134807326121,4009.160291038121,3238.539878660154,2817.3440808778932
17,2,5.754315660545297,5,0.7543156605452963,3500.210474766319,3500.210474766319,2653.3908661108003
17,3,5.799940148808127,5,0.7999401488081269,3448.56551660536,2825.6583666068304,2160.6463928722296
17,4,6.707190677557167,6,0.7071906775571664,4009.1602910381207,4009.1602910381207,3162.3406823826026
17,5,2.860207028324184,2,0.8602070283241837,4467.997709318729,2017.853214317494,1509.7640940988163
17,6,4.801015952194136,4,0.8010159521941359,3826.932728337393,2570.223514085593,2149.0277163033325
17,7,4.7819806587169245,4,0.7819806587169247,3620.980374616441,3141.384683047759,2354.608885857213
17,8,4.7563009031276735,4,0.7563009031276737,3620.980374616441,3620.980374616441,2631.9502462211235
18,0,4.739134807326121,4,0.739134807326121,4009.160291038121,3238.539878660154,2817.3440808778932
18,1,3.724923130013979,3,0.7249231300139791,3858.525145446294,3378.9294538776126,2970.8301958490247
18,2,2.784474718774733,2,0.784474718774733,3309.771062585183,2574.514787430814,2327.673037232885
18,3,5.751067724206683,5,0.7510677242066827,3146.2643773275618,2993.0614299825697,2688.4685785678275
18,4,3.787454388221292,3,0.7874543882212921,3553.0213100598157,2641.6041386289744,2295.492607210045
18,5,4.725646746737214,4,0.7256467467372141,4298.012863669657,3387.9301877091702,2963.0151352380876
18,6,5.666630836582333,5,0.6666308365823329,4334.737665901631,4262.368204897031,3600.3869649108046
18,7,6.707190677557167,6,0.7071906775571664,4009.1602910381207,4009.1602910381207,3162.3406823826026
18,8,5.799940148808127,5,0.7999401488081269,3448.56551660536,2825.6583666068304,2160.6463928722296
19,0,6.707190677557167,6,0.7071906775571664,4009.1602910381207,4009.1602910381207,3162.3406823826026
19,1,6.775758549864655,6,0.7757585498646546,4000.9374488610824,3268.627270117249,2421.80766146173
19,2,6.734050004641857,6,0.7340500046418572,3307.55191714797,3298.587286235451,2872.259949867943
19,3,3.8536998708790704,3,0.8536998708790704,3066.3192533087076,1943.040878736837,1580.041394506039
19,4,4.734888644364419,4,0.7348886443644196,4060.1550412224633,3289.534628844496,2863.2026408642687
19,5,0.8831822214373697,0,0.8831822214373697,3702.319426185975,1747.299630814637,1261.632008476407
19,6,3.782058940822119,3,0.7820589408221188,4497.703291811007,2839.431061459347,2353.763439121117
19,7,5.799940148808127,5,0.7999401488081269,3448.56551660536,2825.6583666068304,2160.6463928722296
19,8,5.754315660545297,5,0.7543156605452963,3500.210474766319,3500.210474766319,2653.3908661108003
20,0,4.775758549864655,4,0.7757585498646546,4000.9374488610824,3268.627270117249,2421.80766146173
20,1,3.7543687512048436,3,0.7543687512048434,4000.9374488610824,3417.17178629779,2652.817486987691
20,2,3.8091400468192167,3,0.8091400468192167,3072.8493310832287,2908.107103007978,2061.2874943524594
20,3,4.725798248267982,4,0.7257982482679821,3628.423223750923,3628.423223750923,2961.378918705793
20,4,1.8544348154096448,1,0.8544348154096448,2134.164994489937,1654.5693029212548,1572.1039935758354
20,5,5.831073306110924,5,0.8310733061109244,3600.1495953961203,2588.7625933121153,1824.408294002016
20,6,6.7787435779076715,6,0.7787435779076717,3722.2712471516234,2750.7213449144338,2389.5693585971453
20,7,6.734050004641857,6,0.7340500046418572,3307.55191714797,3298.587286235451,2872.259949867943
20,8,6.707190677557167,6,0.7071906775571664,4009.1602910381207,4009.1602910381207,3162.3406823826026
21,0,6.7787435779076715,6,0.7787435779076717,3722.2712471516234,2750.7213449144338,2389.5693585971453
21,1,4.730592782732666,4,0.7305927827326657,3722.271247151623,3721.5294584161425,2909.597946487211
21,2,5.865981900696969,5,0.8659819006969696,3645.095600797703,2259.3269844016595,1447.3954724727287
21,3,6.730592782732666,6,0.7305927827326657,3721.529458416142,3721.529458416142,2909.597946487211
21,4,0.874493756555717,0,0.874493756555717,3319.9200156673896,1796.7871048821053,1355.4674291982558
21,5,3.759323511324087,3,0.7593235113240867,3411.9793783642754,3411.237589628794,2599.306077699863
21,6,5.7310829300706185,5,0.7310829300706181,3716.105554871118,3715.3637661356365,2904.304355237324
21,7,6.734050004641857,6,0.7340500046418572,3307.55191714797,3298.587286235451,2872.259949867943
21,8,5.707190677557167,5,0.7071906775571664,4009.1602910381207,4009.1602910381207,3162.3406823826026
22,0,5.7787435779076715,5,0.7787435779076717,3722.2712471516234,2750.7213449144338,2389.5693585971453
22,1,3.7305240985904913,3,0.7305240985904915,3722.2712471516234,3722.2712471516234,2910.3397352226916
22,2,5.72906928209885,5,0.7290692820988499,4151.650834773656,3949.9795561789524,2926.051753332421
22,3,3.794102021046799,3,0.7941020210467991,3214.75771203548,2951.1565719790665,2223.6981726945696
22,4,3.7648452338537206,3,0.7648452338537206,3722.2712471516234,3072.9163093368807,2539.671474379818
22,5,3.8431373788525263,3,0.8431373788525263,2724.0475471461286,1719.2720231311018,1694.116308392717
22,6,3.7768721138203425,3,0.7768721138203426,3176.3645886655913,3139.2473733238116,2409.7811707403002
22,7,6.734050004641857,6,0.7340500046418572,3307.55191714797,3298.587286235451,2872.259949867943
22,8,3.730592782732666,3,0.7305927827326657,3721.529458416142,3721.529458416142,2909.597946487211
23,0,6.734050004641857,6,0.7340500046418572,3307.55191714797,3298.587286235451,2872.259949867943
23,1,2.8384187649616135,2,0.8384187649616135,3236.1227035138863,2088.9393654366622,1745.0773384145748
23,2,6.7074122164368,6,0.7074122164368,3908.3917917651224,3656.367046766244,3159.94806248256
23,3,6.745426624755545,6,0.7454266247555457,3307.55191714797,3175.719789007614,2749.392452640107
23,4,6.733219946224031,6,0.7332199462240312,3307.5519171479696,3307.5519171479696,2881.2245807804625
23,5,4.801026444255868,4,0.8010264442558678,3907.073866544491,2575.2417384041355,2148.914402036628
23,6,4.832636059998506,4,0.8326360599985054,3443.999974148925,2235.035343236406,1807.5305520161414
23,7,3.8659819006969696,3,0.8659819006969696,3645.095600797703,2259.3269844016595,1447.3954724727287
23,8,5.831073306110924,5,0.8310733061109244,3600.1495953961203,2588.7625933121153,1824.408294002016
24,0,6.745426624755545,6,0.7454266247555457,3307.55191714797,3175.719789007614,2749.392452640107
24,1,6.732445217834762,6,0.7324452178347617,3315.9189837520807,3315.9189837520807,2889.5916473845737
24,2,0.8070253384321617,0,0.8070253384321617,4446.162890735948,2231.767004328292,2084.1263449326534
24,3,4.755148333510869,4,0.7551483335108684,3791.180445783636,3379.0969732696376,2644.3979980826216
24,4,4.779567961453882,4,0.7795679614538824,3298.7361975268695,2724.528043320158,2380.6660162980706
24,5,3.831213772620466,3,0.8312137726204658,2691.9196776229674,2189.174780601504,1822.891255698969
24,6,4.711347590299583,4,0.7113475902995832,3469.1796578168396,3469.1796578168396,3117.446024764502
24,7,6.734050004641857,6,0.7340500046418572,3307.55191714797,3298.587286235451,2872.259949867943
24,8,6.733219946224031,6,0.7332199462240312,3307.5519171479696,3307.5519171479696,2881.2245807804625
25,0,6.745426624755545,6,0.7454266247555457,3307.55191714797,3175.719789007614,2749.392452640107
25,1,4.75537289319163,4,0.7553728931916307,3352.0349883175877,3100.0102433187085,2641.972753530388
25,2,6.734050004641857,6,0.7340500046418571,3298.587286235451,3298.587286235451,2872.2599498679433
25,3,5.795617360321976,5,0.7956173603219758,3269.248522773665,2633.659844890169,2207.3325085226616
25,4,2.798523340055342,2,0.798523340055342,3357.6616229042256,2672.8238447303456,2175.947927402306
25,5,2.8497953850753017,2,0.849795385075302,2680.9278701769927,1966.0718682088261,1622.2098411867385
25,6,4.762962093406331,4,0.7629620934063303,4160.447983467281,3247.1168927986037,2560.0093912116336
25,7,6.734050004641857,6,0.7340500046418572,3307.55191714797,3298.587286235451,2872.259949867943
25,8,6.733219946224031,6,0.7332199462240312,3307.5519171479696,3307.5519171479696,2881.2245807804625
26,0,6.745426624755545,6,0.7454266247555457,3307.55191714797,3175.719789007614,2749.392452640107
26,1,0.7400871107227847,0,0.7400871107227847,3168.5098602223866,3168.2111905112133,2807.0592041939253
26,2,4.775026606131265,4,0.7750266061312647,3564.374885987492,2902.3005405368103,2429.7126537823406
26,3,4.791240691313936,4,0.7912406913139365,3307.551917147969,2680.9278701769927,2254.600533809486
26,4,4.871511945084157,4,0.8715119450841565,3044.081965415584,1770.231077141819,1387.67099309111
26,5,4.780398019871708,4,0.7803980198717082,3144.8743448069617,2715.5634124076387,2371.7013853855515
26,6,2.8371353581988874,2,0.8371353581988874,2903.489522205582,1932.9272933153845,1758.9381314520158
26,7,6.734050004641857,6,0.7340500046418571,3298.587286235451,3298.587286235451,2872.2599498679433
26,8,6.734050004641857,6,0.7340500046418572,3307.55191714797,3298.587286235451,2872.259949867943
27,0,6.745426624755545,6,0.7454266247555457,3307.55191714797,3175.719789007614,2749.392452640107
27,1,4.8476705692320845,4,0.8476705692320845,3299.9614272702056,2071.485188660995,1645.1578522934878
27,2,5.721503616730349,5,0.7215036167303487,3434.0882756797428,3434.0882756797428,3007.7609393122343
27,3,4.762533680731029,4,0.762533680731029,3717.6724902659844,3091.0484432950084,2564.6362481048864
27,4,4.8856879071201575,4,0.8856879071201577,2709.0224403596117,1600.8541280048325,1234.5706031022976
27,5,2.790830335573491,2,0.7908303355734909,3506.289158989971,2406.673035201937,2259.0323758062987
27,6,3.772215228427881,3,0.7722152284278813,3186.2818339015403,2599.5764781505777,2460.0755329788826
27,7,6.734050004641857,6,0.7340500046418571,3298.587286235451,3298.587286235451,2872.2599498679433
27,8,6.734050004641857,6,0.7340500046418572,3307.55191714797,3298.587286235451,2872.259949867943
28,0,6.745426624755545,6,0.7454266247555457,3307.55191714797,3175.719789007614,2749.392452640107
28,1,0.7798333104293058,0,0.7798333104293058,2813.0922146435228,2804.1275837310036,2377.8002473634965
28,2,5.680881906658145,5,0.6808819066581449,4803.921905449808,3872.8027444595436,3446.475408092036
28,3,4.783644705546052,4,0.7836447055460516,3645.4464007672786,2757.832977884904,2336.6371801026435
28,4,4.8364170262623265,4,0.8364170262623265,2795.0034692757768,2190.6939010542274,1766.6961163668734
28,5,4.761632099960999,4,0.7616320999609988,3177.5149880335593,2936.064605096637,2574.3733204212135
28,6,4.779567961453882,4,0.7795679614538824,3634.610719280645,2724.528043320158,2380.66601629807
28,7,6.734050004641857,6,0.7340500046418571,3298.587286235451,3298.587286235451,2872.2599498679433
28,8,6.734050004641857,6,0.7340500046418572,3307.55191714797,3298.587286235451,2872.259949867943
29,0,6.745426624755545,6,0.7454266247555457,3307.55191714797,3175.719789007614,2749.392452640107
29,1,2.8185052706768334,2,0.8185052706768335,3240.1099354115368,2349.3037454348732,1960.1430766901976
29,2,3.818771592461513,3,0.818771592461513,2841.4494122611814,2323.550326318195,1957.26680141566
29,3,4.796510808974617,4,0.7965108089746167,3310.7546127747296,2340.192383884532,2197.6832630741405
29,4,5.718451577643305,5,0.7184515776433044,4232.8622263126845,3407.0064863548487,3040.722961452313
29,5,3.7680724499846043,3,0.7680724499846043,3604.029473891719,2977.4054269207427,2504.8175401662734
29,6,6.7510417673764085,6,0.7510417673764083,3238.229428008577,3106.397299868221,2688.748912334791
29,7,6.734050004641857,6,0.7340500046418571,3298.587286235451,3298.587286235451,2872.2599498679433
29,8,6.734050004641857,6,0.7340500046418572,3307.55191714797,3298.587286235451,2872.259949867943
30,0,6.7510417673764085,6,0.7510417673764083,3238.229428008577,3106.397299868221,2688.748912334791
30,1,5.757462062582778,5,0.7574620625827784,3013.607340716393,3013.607340716393,2619.409724105993
30,2,0.8170683179980569,0,0.8170683179980569,2666.7581606068115,2256.4849581775225,1975.6621656209848
30,3,5.668632452898772,5,0.6686324528987727,3996.417896226686,3996.417896226686,3578.769508693255
30,4,3.7925776898966475,3,0.7925776898966476,3443.0999024422017,2657.809336649637,2240.1609491162067
30,5,3.795787572504072,3,0.795787572504072,2623.1426044894542,2623.1426044894542,2205.4942169560236
30,6,6.751871825794234,6,0.7518718257942341,3238.229428008577,3097.432668955702,2679.7842814222718
30,7,6.745426624755545,6,0.7454266247555457,3307.55191714797,3175.719789007614,2749.392452640107
30,8,6.734050004641857,6,0.7340500046418571,3298.587286235451,3298.587286235451,2872.2599498679433
31,0,6.751871825794234,6,0.7518718257942341,3238.229428008577,3097.432668955702,2679.7842814222718
31,1,3.823422717722284,3,0.8234227177222839,2884.889138160653,2258.2650911896767,1907.0346485993337
31,2,0.9213803527445711,0,0.9213803527445711,2354.184227219483,854.2237289438795,849.0921903586327
31,3,3.7665878729394606,3,0.7665878729394608,3246.5180385663466,2659.8126828153845,2520.850972253823
31,4,6.795404213839722,6,0.7954042138397222,3118.0233460031804,2575.9180154335354,2209.6344905310007
31,5,4.797685892352625,4,0.7976858923526249,3239.607074329967,2602.6407501250815,2184.992362591651
31,6,2.8524898532042733,2,0.8524898532042734,2904.705425401019,1717.5220190465784,1593.1095853938475
31,7,6.7510417673764085,6,0.7510417673764083,3238.229428008577,3106.397299868221,2688.748912334791
31,8,6.745426624755545,6,0.7454266247555457,3307.55191714797,3175.719789007614,2749.392452640107
32,0,6.795404213839722,6,0.7954042138397222,3118.0233460031804,2575.9180154335354,2209.6344905310007
32,1,4.84678494395016,4,0.8467849439501598,3118.02334600318,1737.187914683694,1654.7226053382747
32,2,5.751022283835423,5,0.7510222838354226,3111.84029258424,3111.84029258424,2688.959334577436
32,3,3.8636873627261124,3,0.8636873627261125,3142.2591848375832,1765.1052354412482,1472.1764825579853
32,4,3.810840403683142,3,0.8108404036831417,2920.0750137191962,2176.7538121983844,2042.9236402220693
32,5,6.749965281623171,6,0.7499652816231713,3118.0233460031804,3118.0233460031804,2700.37495846975
32,6,4.825816199174574,4,0.8258161991745743,2803.505481887252,1937.6814501307397,1881.1850489145977
32,7,6.751871825794234,6,0.7518718257942341,3238.229428008577,3097.432668955702,2679.7842814222718
32,8,6.7510417673764085,6,0.7510417673764083,3238.229428008577,3106.397299868221,2688.748912334791
33,0,6.795404213839722,6,0.7954042138397222,3118.0233460031804,2575.9180154335354,2209.6344905310007
33,1,3.801232502942838,3,0.8012325029428383,3118.0233460031804,2564.3373557507766,2146.688968217346
33,2,3.8886919806285944,3,0.8886919806285944,2370.6515648635386,1485.944824768296,1202.1266092111805
33,3,3.76209257289017,3,0.76209257289017,3612.414595153449,3011.9365445499698,2569.4002127861645
33,4,3.7597531023227333,3,0.7597531023227334,3339.347351937433,2682.2633428451454,2594.666494914479
33,5,0.7976858923526249,0,0.7976858923526249,2608.8238035440218,2602.6407501250815,2184.992362591651
33,6,0.8791202995722986,0,0.8791202995722986,2906.340488129443,1718.0176135673587,1305.500764619175
33,7,6.751871825794234,6,0.7518718257942341,3238.229428008577,3097.432668955702,2679.7842814222718
33,8,6.7510417673764085,6,0.7510417673764083,3238.229428008577,3106.397299868221,2688.748912334791
34,0,5.795404213839722,5,0.7954042138397222,3118.0233460031804,2575.9180154335354,2209.6344905310007
34,1,3.761470363714825,3,0.7614703637148249,2893.123423831923,2886.9403704129827,2576.1200718798914
34,2,4.8139583957122305,4,0.8139583957122302,2293.06754186503,2293.06754186503,2009.249326307914
34,3,4.791192150945849,4,0.7911921509458495,2543.2886071243474,2543.2886071243474,2255.124769784825
34,4,2.897159570789525,2,0.8971595707895247,2423.045518241068,1162.0414981040283,1110.676635473133
34,5,1.7942388187800002,1,0.7942388187800004,2398.7868856589935,2361.1824677375575,2222.220757175996
34,6,2.8308215953155194,2,0.8308215953155195,2942.3604897982927,2201.1033466828276,1827.1267705923897
34,7,6.751871825794234,6,0.7518718257942341,3238.229428008577,3097.432668955702,2679.7842814222718
34,8,6.7510417673764085,6,0.7510417673764083,3238.229428008577,3106.397299868221,2688.748912334791
35,0,6.751871825794234,6,0.7518718257942341,3238.229428008577,3097.432668955702,2679.7842814222718
35,1,3.756530996760973,3,0.7565309967609731,3015.6279480321946,3015.6279480321946,2629.4652349814905
35,2,4.836563834185182,4,0.8365638341851825,2862.1116879189576,1816.4754534309238,1765.1105908000284
35,3,5.809352540175007,5,0.8093525401750065,3319.884779208471,2534.5942134159072,2058.99256610993
35,4,2.8227920267678206,2,0.8227920267678207,2780.686747059579,2197.6643264646523,1913.8461109075367
35,5,3.8698114361885905,3,0.8698114361885907,3089.930996851498,1518.8907173578223,1406.0364891632207
35,6,0.8469878690948076,0,0.8469878690948076,2566.2578735765846,1939.6338266056082,1652.5310137760785
35,7,6.7510417673764085,6,0.7510417673764083,3238.229428008577,3106.397299868221,2688.748912334791
35,8,6.749965281623171,6,0.7499652816231713,3118.0233460031804,3118.0233460031804,2700.37495846975
36,0,6.751871825794234,6,0.7518718257942341,3238.229428008577,3097.432668955702,2679.7842814222718
36,1,4.7770362826886,4,0.7770362826886003,3114.032586873473,2952.6065277396956,2408.0081469631173
36,2,4.774227657071345,4,0.774227657071345,2793.017003490114,2793.017003490114,2438.341303629474
36,3,2.8044298989804206,2,0.8044298989804204,2960.2808675264696,2333.656820555493,2112.157091011459
36,4,1.8253760819699003,1,0.8253760819699003,2724.6082219511472,2024.900025286638,1885.9383147250762
36,5,2.8276671620302523,2,0.8276671620302524,2870.702394294968,2227.478174975809,1861.194650073274
36,6,5.74296587660368,5,0.7429658766036802,3153.2527721755832,3153.2527721755832,2775.9685326802546
36,7,6.7510417673764085,6,0.7510417673764083,3238.229428008577,3106.397299868221,2688.748912334791
36,8,5.749965281623171,5,0.7499652816231713,3118.0233460031804,3118.0233460031804,2700.37495846975
37,0,6.751871825794234,6,0.7518718257942341,3238.229428008577,3097.432668955702,2679.7842814222718
37,1,6.736350423041076,6,0.7363504230410761,3396.8959468301646,3265.0638186898095,2847.415431156378
37,2,5.7971294564869815,5,0.7971294564869817,2967.558597272421,2557.285394843132,2191.0018699405973
37,3,4.76727458500971,4,0.7672745850097094,3788.109205374294,2652.3961924567,2513.4344818951386
37,4,3.7687654152904497,3,0.7687654152904497,3267.1558682502946,2680.450512499332,2497.333514863143
37,5,0.8247932117888745,0,0.8247932117888745,2167.978227464374,2167.978227464374,1892.2333126801545
37,6,4.742381699435107,4,0.7423816994351072,3238.229428008577,3199.9260336342722,2782.2776461008416
37,7,6.7510417673764085,6,0.7510417673764083,3238.229428008577,3106.397299868221,2688.748912334791
37,8,6.745426624755545,6,0.7454266247555457,3307.55191714797,3175.719789007614,2749.392452640107
38,0,6.751871825794234,6,0.7518718257942341,3238.229428008577,3097.432668955702,2679.7842814222718
38,1,5.772588863146261,5,0.772588863146261,2813.6318233021293,2813.6318233021293,2456.0402780203813
38,2,5.726928334599259,5,0.726928334599259,3999.2130664841807,3284.3570645160135,2949.1739863280027
38,3,2.840782923575067,2,0.840782923575067,2781.762653963803,2054.7275035772864,1719.5444253892756
38,4,3.8467504597548636,3,0.8467504597548636,2611.6053810376006,1990.278112835484,1655.0950346474733
38,5,5.7399395304510925,5,0.7399395304510923,3226.23798010144,3226.23798010144,2808.653071128204
38,6,4.792750552469772,4,0.7927505524697723,2411.768921417066,2411.768921417066,2238.294033326459
38,7,6.7510417673764085,6,0.7510417673764083,3238.229428008577,3106.397299868221,2688.748912334791
38,8,6.745426624755545,6,0.7454266247555457,3307.55191714797,3175.719789007614,2749.392452640107
39,0,6.751871825794234,6,0.7518718257942341,3238.229428008577,3097.432668955702,2679.7842814222718
39,1,5.768926230527494,5,0.7689262305274944,2913.2450978364905,2913.2450978364905,2495.59671030306
39,2,5.819716316010135,5,0.8197163160101354,3238.229428008577,2359.5806360387214,1947.0637870905375
39,3,2.7851831040747452,2,0.785183104074745,2655.2055541807654,2655.2055541807654,2320.0224759927546
39,4,4.8400575066746985,4,0.8400575066746987,2834.5994973732268,2169.6720560279455,1727.3789279132538
39,5,4.810415392793778,4,0.8104153927937778,3070.8280928681143,2444.204045897138,2047.513757827199
39,6,4.7509912847384275,4,0.7509912847384274,3104.400111402613,3104.400111402613,2689.2941248249845
39,7,6.7510417673764085,6,0.7510417673764083,3238.229428008577,3106.397299868221,2688.748912334791
39,8,6.745426624755545,6,0.7454266247555457,3307.55191714797,3175.719789007614,2749.392452640107
40,0,6.751871825794234,6,0.7518718257942341,3238.229428008577,3097.432668955702,2679.7842814222718
40,1,6.738835088844894,6,0.7388350888448938,3238.229428008577,3238.229428008577,2820.5810404751464
40,2,3.7681767708373766,3,0.7681767708373763,3778.3655984354914,2642.652585517897,2503.6908749563354
40,3,3.789706789431677,3,0.7897067894316774,2996.8337404504073,2410.128384699445,2271.1666741378835
40,4,3.7923820009401514,3,0.7923820009401513,2659.9227773797966,2659.9227773797966,2242.2743898463655
40,5,3.7257242092587677,3,0.7257242092587676,3271.6248468992762,3271.6248468992762,2962.1785400053104
