0.0
1201.37575
1201.65915
1201.70286
1201.73051
1201.74484
1203.37892
1203.65944
1203.7076
1203.74084
1203.75444
1205.38104
1205.67209
1205.74571
1205.76239
1207.39115
1207.61631
1207.68874
1207.75172
1207.76641
1209.39364
1209.62083
1209.72531
1209.75735
1209.7745
1211.39744
1211.62575
1211.73181
1211.76311
1211.77878
1213.39774
1213.62901
1213.73707
1213.76906
1213.78415
1215.39815
1215.6332
1215.74076
1215.77403
1215.7924
1217.40741
1217.63882
1217.74692
1217.80224
1219.4112
1219.64294
1219.75171
1219.78494
1219.8031
1221.41453
1221.64688
1221.81288
1223.41748
1223.65004
1223.81879
1225.4202
1225.65501
1225.82474
1227.42277
1227.65922
1227.83373
1229.42704
1229.66347
1229.84126
1231.43084
1231.66975
1231.85192
1233.4335
1233.67289
1233.85423
1235.43708
1235.67738
1235.85951
1237.43944
1237.68208
1237.86527
1239.44243
1239.68621
1239.8671
1241.44908
1241.68954
1241.88116
1243.45245
1243.69729
1243.88601
1243.89358
1245.45547
1245.69785
1245.69856
1245.89286
1245.89398
1247.45742
1247.71008
1247.89909
1249.46028
1249.71877
1249.89181
1249.91141
1251.46301
1251.72455
1251.9202
1253.46649
1253.73343
1253.92427
1253.93455
1255.46674
1255.73608
1255.93163
1255.94074
1257.4729
1257.74286
1257.93897
1257.96812
1259.47395
1259.74933
1259.94421
1259.97312
1261.47583
1261.75903
1261.95881
1261.98068
1263.47619
1263.92414
1263.96724
1263.99173
1265.48515
1265.92898
1265.97688
1265.99529
1267.48969
1267.93533
1267.98521
1267.99957
1269.4921
1269.94269
1269.99308
1270.01287
1271.49343
1271.94784
1271.99842
1272.01837
1273.49641
1273.79473
1274.0035
1274.03898
1275.50323
1275.96664
1276.01234
1276.04521
1277.50712
1277.97121
1278.01562
1278.05928
1279.51654
1279.9889
1280.02213
1280.06595
1281.5179
1281.83088
1282.03059
1282.07153
1283.52081
1283.81204
1283.83597
1284.03326
1284.07794
1285.52286
1286.00576
1286.03755
1286.08439
1287.52677
1287.82159
1287.85445
1288.04066
1288.09393
1289.54223
1290.01835
1290.04761
1290.09843
1291.54346
1291.82985
1291.86339
1292.05303
1292.10577
1293.54967
1294.02846
1294.05563
1294.11238
1295.55136
1295.87943
1296.06477
1296.11858
1297.55431
1298.04061
1298.07654
1298.12625
1299.55778
1300.04746
1300.08105
1300.13173
1301.56071
1302.05323
1302.08559
1302.13595
1303.56323
1304.0587
1304.08984
1304.14078
1305.56591
1306.06013
1306.0947
1306.14693
1307.56942
1308.06259
1308.10339
1308.15255
1309.57192
1310.07107
1310.10989
1310.16607
1311.57569
1312.08213
1312.11698
1312.17162
1313.57875
1314.0859
1314.13694
1314.17963
1315.58052
1316.09201
1316.17572
1316.18703
1317.58338
1318.09682
1318.19753
1319.58864
1320.09695
1320.20381
1321.6011
1322.11394
1322.20981
1323.62376
1324.11453
1324.21368
1324.21436
1325.62809
1326.12004
1326.21957
1326.22865
1327.62953
1328.12755
1328.22521
1328.23357
1329.64152
1330.13376
1330.23212
1330.23779
1331.6529
1332.13965
1332.2385
1332.24302
1333.66205
1334.14432
1334.24265
1334.24903
1335.66741
1336.14956
1336.24729
1336.25455
1337.67194
1338.15423
1338.25365
1338.26725
1339.67632
1340.15885
1340.25914
1340.28036
1341.68239
1342.16496
1342.26587
1342.28608
1343.69644
1344.03834
1344.27168
1344.29062
1345.71892
1346.04852
1346.28064
1346.29626
1347.73637
1348.05697
1348.28564
1348.30493
1349.74107
1350.06553
1350.29102
1350.31044
1351.75569
1352.07261
1352.2988
1352.31185
1353.76488
1354.07788
1354.30573
1354.31692
1355.76746
1356.08502
1356.31218
1356.32922
1357.77007
1358.09402
1358.34271
1358.34684
1359.78145
1360.10225
1360.35671
1361.78703
1362.2503
1362.38875
1363.80256
1364.11857
1364.26468
1364.39442
1365.80506
1366.1246
1366.26742
1366.40046
1367.81049
1368.12957
1368.27354
1368.4066
1369.81755
1370.13456
1370.28014
1370.41272
1371.82102
1372.14002
1372.28575
1372.4201
1373.83193
1374.14568
1374.28579
1374.42639
1375.84164
1376.1505
1376.30977
1376.43282
1377.84545
1378.15306
1378.33819
1378.44134
1379.85513
1380.16454
1380.35298
1380.44556
1381.86284
1382.16932
1382.35683
1382.45288
1383.86794
1384.17436
1384.365
1384.45903
1385.87537
1386.18
1386.36775
1386.47089
1387.8797
1388.19364
1388.37367
1388.47542
1389.88629
1390.20014
1390.37931
1390.48179
1391.8973
1392.20486
1392.38392
1392.48763
1393.91586
1394.20694
1394.38779
1394.49344
1395.95797
1396.21736
1396.39368
1396.4949
1397.96812
1398.22589
1398.39738
1398.50015
1399.9725
1400.23133
1400.40208
1400.51806
1401.97697
1402.23747
1402.40553
1402.52271
1403.98134
1404.24276
1404.42913
1404.52826
1405.98562
1406.24762
1406.53257
1407.99013
1408.25567
1408.5374
1409.99449
1410.26171
1410.54187
1412.00094
1412.26628
1412.55993
1414.00666
1414.27213
1414.56815
1416.0146
1416.27684
1416.57518
1418.01879
1418.28174
1418.58137
1420.02426
1420.28743
1420.58785
1422.02896
1422.29227
1422.59412
1424.03168
1424.29796
1424.60201
1426.04153
1426.30462
1426.6067
1428.46162
1428.61031
1430.05714
1430.31426
1430.61384
1432.4734
1432.61418
1434.06975
1434.32643
1434.62346
1436.07543
1436.3331
1436.64319
1438.08232
1438.35462
1438.64531
1440.09305
1440.36465
1440.6707
1442.09797
1442.36977
1442.68171
1444.10315
1444.37707
1444.68915
1446.10729
1446.38271
1446.69545
1448.11489
1448.38972
1448.69693
1450.1184
1450.39536
1450.7043
1452.1259
1452.40043
1452.71028
1454.13113
1454.40432
1454.71683
1456.13706
1456.4095
1456.72176
1458.15444
1458.41335
1458.7347
1460.16014
1460.41777
1460.73663
1462.16697
1462.42399
1462.74569
1464.175
1464.42964
1464.75176
1466.17911
1466.43631
1466.7566
1468.18475
1468.4412
1468.76073
1470.19095
1470.44623
1470.76614
1472.19863
1472.45587
1472.77894
1474.20303
1474.46078
1474.78356
1476.23286
1476.4667
1476.78894
1478.23736
1478.47105
1478.79863
1480.24243
1480.47467
1480.80537
1482.2539
1482.47497
1482.81496
1484.25823
1484.48432
1484.81978
1486.26307
1486.49058
1486.82167
1488.26716
1488.49435
1488.82839
1490.27136
1490.50011
1490.8335
1492.27706
1492.50478
1492.84763
1494.28179
1494.51034
1494.85502
1496.28675
1496.52292
1496.86097
1498.29145
1498.5319
1498.86763
1500.29694
1500.54966
1500.88075
1502.30123
1502.55538
1502.88508
1504.30497
1504.56277
1504.8907
1506.30907
1506.57085
1506.89528
1508.31264
1508.57164
1508.90066
1510.31722
1510.58131
1510.90732
1512.32293
1512.5887
1512.91325
1514.33521
1514.59768
1514.9195
1516.33701
1516.60356
1516.92539
1518.35697
1518.61001
1518.92963
1520.35913
1520.61938
1520.93428
1522.3694
1522.62225
1522.93823
1524.38017
1524.62323
1524.94027
1526.38352
1526.63557
1526.94378
1528.41041
1528.65023
1528.95038
1530.42603
1530.66877
1530.95453
1532.45445
1532.67143
1532.95794
1534.46404
1534.67751
1534.96178
1536.47555
1536.6835
1536.96602
1538.69498
1538.97277
1540.70024
1540.97633
1542.7066
1542.97959
1544.71206
1544.98311
1546.71657
1546.9852
1548.72214
1548.98957
1550.72782
1551.03051
1552.73381
1553.08568
1554.73923
1555.09026
1556.74395
1557.09586
1558.76188
1558.94044
1559.10073
1560.77505
1560.94362
1561.1054
1562.78126
1562.95465
1563.11228
1564.78639
1565.11663
1566.79155
1567.12145
1568.7968
1569.12684
1570.91799
1571.13188
1572.82402
1572.922
1573.13952
1574.92602
1575.14464
1576.84248
1576.92879
1577.1493
1578.93179
1579.15408
1580.9348
1581.15908
1582.86613
1582.94017
1583.16354
1584.8771
1584.94323
1585.16618
1586.88351
1586.94841
1587.18273
1588.89217
1588.95099
1589.1883
1589.19104
1590.89705
1590.95435
1591.19117
1591.19738
1592.90353
1592.95769
1593.19648
1593.20119
1594.90915
1594.96682
1595.20095
1595.20439
1596.91011
1596.96988
1597.20736
1597.21188
1598.91023
1598.97212
1599.21304
1599.21807
1600.97569
1601.21924
1601.22329
1602.92878
1602.97887
1603.22472
1603.22529
1604.98185
1605.22968
1605.23542
1606.98687
1607.23491
1607.24191
1609.00082
1609.23928
1609.25493
1610.97398
1611.00296
1611.24742
1611.27695
1612.98213
1613.00908
1613.27336
1613.29412
1614.98823
1615.01248
1615.31397
1616.99413
1617.03103
1617.05095
1617.30625
1617.35744
1619.03429
1619.05487
1619.31155
1619.36289
1621.00715
1621.03643
1621.05876
1621.31906
1621.3791
1623.03935
1623.06025
1623.32446
1623.38504
1625.019
1625.04232
1625.07679
1625.3293
1625.39475
1627.04653
1627.08
1627.33669
1627.40127
1629.0338
1629.05081
1629.08362
1629.3433
1629.41045
1631.03835
1631.05369
1631.0868
1631.35117
1631.41709
1633.0662
1633.09506
1633.36214
1633.42439
1635.07104
1635.09803
1635.36236
1635.42879
1637.07741
1637.10035
1637.36746
1637.43534
1639.08702
1639.10346
1639.37401
1639.44153
1641.09127
1641.10573
1641.38009
1641.44734
1643.09701
1643.10927
1643.38709
1643.45241
1645.10089
1645.11067
1645.3911
1645.45875
1647.11114
1647.11394
1647.3915
1647.46589
1649.11438
1649.11781
1649.41374
1649.4738
1651.11668
1651.12082
1651.41992
1651.48471
1653.11986
1653.12421
1653.4251
1653.49153
1655.12305
1655.12756
1655.43017
1655.49901
1657.12587
1657.13064
1657.43416
1657.51339
1659.12871
1659.13369
1659.43976
1659.51883
1661.13118
1661.1397
1661.44527
1661.52637
1663.13495
1663.14199
1663.45107
1663.53387
1665.13778
1665.15264
1665.47389
1665.54013
1667.14481
1667.15656
1667.49239
1667.54705
1669.15369
1669.16001
1669.49941
1669.5534
1671.15661
1671.16295
1671.50365
1671.56117
1673.15984
1673.16401
1673.51082
1673.56948
1675.16303
1675.16968
1675.51944
1675.5902
1677.16663
1677.18648
1677.52486
1677.61885
1679.17101
1679.18831
1679.53443
1679.62601
1681.146
1681.17459
1681.19135
1681.54192
1681.63164
1683.14779
1683.17551
1683.19284
1683.5474
1683.63494
1685.18236
1685.19693
1685.56248
1685.64078
1687.15427
1687.19973
1687.22966
1687.57166
1687.64575
1689.16674
1689.20238
1689.24024
1689.58126
1689.65096
1691.16897
1691.20535
1691.25552
1691.58777
1691.65628
1693.17257
1693.20782
1693.25964
1693.59304
1693.66177
1695.1761
1695.21048
1695.26396
1695.60005
1695.66595
1697.17894
1697.21331
1697.26931
1697.60536
1697.67095
1699.18248
1699.21601
1699.27307
1699.61057
1699.67707
1701.18495
1701.21903
1701.27949
1701.6155
1701.67712
1703.18507
1703.22214
1703.28468
1703.6234
1703.68219
1705.19117
1705.22424
1705.29031
1705.62862
1705.68912
1707.1952
1707.2294
1707.29695
1707.63368
1707.69811
1709.19915
1709.23376
1709.30243
1709.6409
1709.70874
1711.19947
1711.23673
1711.31335
1711.64627
1711.70975
1713.20273
1713.23881
1713.31716
1713.65291
1713.71514
1715.2057
1715.24802
1715.32279
1715.66421
1715.72205
1717.20881
1717.25309
1717.33066
1717.67362
1717.72589
1719.21674
1719.25846
1719.33725
1719.67766
1719.72952
1721.22167
1721.26316
1721.34861
1721.68362
1721.73529
1723.224
1723.26788
1723.35292
1723.68954
1723.73906
1725.22666
1725.27601
1725.35853
1725.69876
1725.74461
1727.22995
1727.28382
1727.36329
1727.70518
1727.75
1729.23307
1729.28841
1729.36876
1729.71069
1729.75449
1731.23513
1731.29977
1731.37151
1731.72299
1731.75906
1733.23897
1733.30877
1733.37599
1733.73389
1733.7645
1735.24362
1735.31347
1735.38259
1735.73915
1735.77014
1737.2469
1737.31958
1737.38762
1737.74333
1737.77026
1739.24942
1739.32386
1739.39303
1739.762
1739.78708
1741.25182
1741.32853
1741.40052
1741.76744
1741.79288
1743.25478
1743.33276
1743.40252
1743.77215
1743.79798
1745.25813
1745.33763
1745.40742
1745.77861
1745.80648
1747.26114
1747.34185
1747.41281
1747.78161
1747.81179
1749.26484
1749.2698
1749.34798
1749.41657
1749.79324
1749.83064
1751.26763
1751.27595
1751.3534
1751.42166
1751.80232
1751.83505
1753.27042
1753.28089
1753.35864
1753.42288
1753.81098
1753.84381
1755.27326
1755.28469
1755.36274
1755.42688
1755.81502
1755.84386
1757.27737
1757.28973
1757.37749
1757.43557
1757.81917
1757.85303
1759.27957
1759.29407
1759.38347
1759.44846
1759.82304
1759.86598
1761.28292
1761.29936
1761.38736
1761.45377
1761.82903
1761.8671
1763.28567
1763.30483
1763.39218
1763.45879
1763.83567
1763.87303
1765.28814
1765.30863
1765.39717
1765.46472
1765.84238
1765.87312
1767.29106
1767.31333
1767.40228
1767.46907
1767.84937
1767.88474
1769.29369
1769.31763
1769.40874
1769.47382
1769.86441
1769.89357
1771.29584
1771.32186
1771.41303
1771.47861
1771.87191
1771.90084
1773.29929
1773.32539
1773.4133
1773.48358
1773.87711
1773.90383
1775.30273
1775.33011
1775.41477
1775.48805
1775.88076
1775.90921
1777.30664
1777.33582
1777.41749
1777.49225
1777.88711
1777.91422
1779.30947
1779.34016
1779.42236
1779.49738
1779.89081
1779.92092
1781.31213
1781.34366
1781.42778
1781.50174
1781.90402
1781.92687
1783.3161
1783.34794
1783.4332
1783.50649
1783.91016
1783.93092
1785.31745
1785.35895
1785.43939
1785.51087
1785.91633
1785.93983
1787.32306
1787.36325
1787.44819
1787.5168
1787.92302
1787.95293
1789.32529
1789.36765
1789.45523
1789.52115
1789.93385
1789.95627
1791.32869
1791.37213
1791.46022
1791.52642
1791.93791
1791.96041
1793.33131
1793.377
1793.4767
1793.53166
1793.94517
1793.9654
1795.33402
1795.38084
1795.48086
1795.53723
1795.9518
1795.97936
1797.33755
1797.3845
1797.48705
1797.54175
1797.96453
1797.98448
1799.33989
1799.38939
1799.49244
1799.54862
1799.96993
1799.99221
1801.34166
1801.38964
1801.49917
1801.55292
1801.97995
1801.99623
1803.34551
1803.40135
1803.50446
1803.55706
1803.9838
1804.013
1805.34856
1805.40579
1805.51188
1805.56278
1805.99004
1806.01381
1807.35159
1807.41048
1807.5176
1807.56799
1808.00097
1808.0215
1809.35579
1809.41445
1809.53403
1809.57324
1810.00713
1810.02542
1811.35964
1811.41863
1811.54402
1811.59468
1812.01765
1812.03199
1813.361
1813.4227
1813.55258
1813.59741
1814.02318
1814.03751
1815.37208
1815.4264
1815.55678
1815.60348
1816.02361
1816.04472
1817.37602
1817.43049
1817.56496
1817.60516
1818.03686
1818.05323
1819.37655
1819.38068
1819.43468
1819.57863
1819.61361
1820.0442
1820.05924
1821.39129
1821.44062
1821.58265
1821.61779
1822.0465
1822.06578
1823.39726
1823.39799
1823.44538
1823.58785
1823.61898
1824.05272
1824.07522
1825.40093
1825.4026
1825.45794
1825.592
1825.62167
1826.0605
1826.08346
1827.40866
1827.46565
1827.59777
1827.62798
1828.0713
1828.09925
1829.4152
1829.42056
1829.47024
1829.60536
1829.63136
1830.0769
1830.10533
1831.42852
1831.47394
1831.61153
1831.63628
1832.08458
1832.10996
1833.43943
1833.47895
1833.61665
1833.65282
1834.09091
1834.11985
1835.44652
1835.48273
1835.62627
1835.6589
1836.09861
1836.12663
1837.45132
1837.48692
1837.62649
1837.66502
1838.10501
1838.13403
1839.45169
1839.49108
1839.63333
1839.67068
1840.11151
1840.13928
1841.46762
1841.49505
1841.64334
1841.67164
1842.1163
1842.14453
1843.4765
1843.49992
1843.64879
1843.67675
1844.12289
1844.16167
1845.48383
1845.50534
1845.65469
1845.68775
1846.12748
1846.16293
1847.4875
1847.51164
1847.66262
1847.69352
1848.16309
1848.16541
1849.50145
1849.51741
1849.67695
1849.69971
1850.17052
1850.17216
1851.50719
1851.52299
1851.68217
1851.70549
1852.18012
1852.18784
1853.51071
1853.52898
1853.68789
1853.71172
1854.18182
1854.1959
1855.52905
1855.53664
1855.69223
1855.72362
1856.18621
1856.20088
1857.55898
1857.6997
1857.73619
1858.19358
1858.20604
1859.5684
1859.7045
1859.73885
1860.20626
1860.21201
1861.578
1861.71307
1861.75265
1862.21442
1862.21887
1863.6033
1863.72087
1863.76099
1864.22354
1864.22857
1865.61186
1865.73153
1865.76594
1866.24902
1867.61836
1867.73964
1867.77606
1868.25766
1869.62473
1869.74604
1869.77754
1870.26994
1871.62774
1871.75053
1871.7862
1872.25719
1872.27556
1873.65335
1873.7607
1873.79099
1874.26038
1874.28215
1875.66069
1875.76599
1875.79638
1876.27877
1876.28768
1877.66699
1877.77006
1877.80221
1878.281
1878.29256
1879.67106
1879.78194
1879.80751
1880.28981
1880.2989
1881.67572
1881.78803
1882.2982
1882.3057
1883.68267
