Performing C SOURCE FILE Test CMAKE_HAVE_LIBC_PTHREAD failed with the following output:
Change Dir: /home/jharbin/academic/atlas/git/atlas-middleware/custom-moos/build/MOOS/MOOSCore/CMakeFiles/CMakeTmp

Run Build Command(s):/usr/bin/gmake cmTC_37ecb/fast && /usr/bin/gmake -f CMakeFiles/cmTC_37ecb.dir/build.make CMakeFiles/cmTC_37ecb.dir/build
gmake[1]: Entering directory '/home/jharbin/academic/atlas/git/atlas-middleware/custom-moos/build/MOOS/MOOSCore/CMakeFiles/CMakeTmp'
Building C object CMakeFiles/cmTC_37ecb.dir/src.c.o
/usr/bin/cc   -Wall -Wextra -Wno-unused-parameter -pedantic -fPIC -Os -Wextra -DCMAKE_HAVE_LIBC_PTHREAD -fPIE   -o CMakeFiles/cmTC_37ecb.dir/src.c.o   -c /home/jharbin/academic/atlas/git/atlas-middleware/custom-moos/build/MOOS/MOOSCore/CMakeFiles/CMakeTmp/src.c
Linking C executable cmTC_37ecb
/usr/bin/cmake -E cmake_link_script CMakeFiles/cmTC_37ecb.dir/link.txt --verbose=1
/usr/bin/cc -Wall -Wextra -Wno-unused-parameter -pedantic -fPIC -Os -Wextra -DCMAKE_HAVE_LIBC_PTHREAD    -rdynamic CMakeFiles/cmTC_37ecb.dir/src.c.o  -o cmTC_37ecb 
/usr/lib/gcc/x86_64-pc-linux-gnu/9.2.0/../../../../x86_64-pc-linux-gnu/bin/ld: CMakeFiles/cmTC_37ecb.dir/src.c.o: in function `main':
src.c:(.text.startup+0x23): undefined reference to `pthread_create'
/usr/lib/gcc/x86_64-pc-linux-gnu/9.2.0/../../../../x86_64-pc-linux-gnu/bin/ld: src.c:(.text.startup+0x2c): undefined reference to `pthread_detach'
/usr/lib/gcc/x86_64-pc-linux-gnu/9.2.0/../../../../x86_64-pc-linux-gnu/bin/ld: src.c:(.text.startup+0x37): undefined reference to `pthread_join'
collect2: error: ld returned 1 exit status
gmake[1]: *** [CMakeFiles/cmTC_37ecb.dir/build.make:87: cmTC_37ecb] Error 1
gmake[1]: Leaving directory '/home/jharbin/academic/atlas/git/atlas-middleware/custom-moos/build/MOOS/MOOSCore/CMakeFiles/CMakeTmp'
gmake: *** [Makefile:121: cmTC_37ecb/fast] Error 2


Source file was:
#include <pthread.h>

void* test_func(void* data)
{
  return data;
}

int main(void)
{
  pthread_t thread;
  pthread_create(&thread, NULL, test_func, NULL);
  pthread_detach(thread);
  pthread_join(thread, NULL);
  pthread_atfork(NULL, NULL, NULL);
  pthread_exit(NULL);

  return 0;
}

